This file contains any messages produced by compilers while
running configure, to aid debugging if configure makes a mistake.

It was created by libgpg-error configure 1.7, which was
generated by GNU Autoconf 2.63.  Invocation command line was

  $ ./configure --host=arm-eabi --enable-maintainer-mode host_alias=arm-eabi CC=/home/android/bin/agcc --no-create --no-recursion

## --------- ##
## Platform. ##
## --------- ##

hostname = raized
uname -m = x86_64
uname -r = 2.6.27.19-170.2.35.fc10.x86_64
uname -s = Linux
uname -v = #1 SMP Mon Feb 23 13:00:23 EST 2009

/usr/bin/uname -p = unknown
/bin/uname -X     = unknown

/bin/arch              = x86_64
/usr/bin/arch -k       = unknown
/usr/convex/getsysinfo = unknown
/usr/bin/hostinfo      = unknown
/bin/machine           = unknown
/usr/bin/oslevel       = unknown
/bin/universe          = unknown

PATH: /usr/lib64/qt-3.3/bin
PATH: /usr/kerberos/bin
PATH: /usr/local/bin
PATH: /bin
PATH: /usr/bin
PATH: /usr/local/sbin
PATH: /usr/sbin
PATH: /sbin
PATH: /home/android/mydroid2/prebuilt/linux-x86/toolchain/arm-eabi-4.3.1/bin/
PATH: /home/android/bin


## ----------- ##
## Core tests. ##
## ----------- ##

configure:2149: checking for a BSD-compatible install
configure:2217: result: /usr/bin/install -c
configure:2228: checking whether build environment is sane
configure:2271: result: yes
configure:2296: checking for a thread-safe mkdir -p
configure:2335: result: /bin/mkdir -p
configure:2348: checking for gawk
configure:2364: found /bin/gawk
configure:2375: result: gawk
configure:2386: checking whether make sets $(MAKE)
configure:2408: result: yes
configure:2488: checking for arm-eabi-strip
configure:2504: found /home/android/mydroid2/prebuilt/linux-x86/toolchain/arm-eabi-4.3.1/bin//arm-eabi-strip
configure:2515: result: arm-eabi-strip
configure:2592: checking whether to enable maintainer-specific portions of Makefiles
configure:2601: result: yes
configure:2626: checking build system type
configure:2644: result: x86_64-unknown-linux-gnu
configure:2666: checking host system type
configure:2681: result: arm-unknown-eabi
configure:2707: autobuild project... libgpg-error
configure:2709: autobuild revision... 1.7
configure:2713: autobuild hostname... raized
configure:2722: autobuild timestamp... 20090411-172518
configure:2736: checking for arm-eabi-gcc
configure:2763: result: /home/android/bin/agcc
configure:3035: checking for C compiler version
configure:3043: /home/android/bin/agcc --version >&5
arm-eabi-gcc (GCC) 4.3.1
Copyright (C) 2008 Free Software Foundation, Inc.
This is free software; see the source for copying conditions.  There is NO
warranty; not even for MERCHANTABILITY or FITNESS FOR A PARTICULAR PURPOSE.

configure:3047: $? = 0
configure:3054: /home/android/bin/agcc -v >&5
Using built-in specs.
Target: arm-eabi
Configured with: ../../gcc-4.3.1/configure --with-gcc-version=4.3.1 --prefix=/home/bccheng/local/Toolchain/toolchain/android-toolchain/gcc-4.3.1-install --with-arch=armv5te --program-transform-name='s,^,arm-eabi-,' --prefix=/home/bccheng/local/Toolchain/toolchain/android-toolchain/gcc-4.3.1-install --target=arm-eabi --host=x86_64-unknown-linux-gnu --build=x86_64-unknown-linux-gnu --enable-languages=c,c++ --with-gmp=/home/bccheng/local/Toolchain/toolchain/android-toolchain/gcc-4.3.1-obj/temp-install --with-mpfr=/home/bccheng/local/Toolchain/toolchain/android-toolchain/gcc-4.3.1-obj/temp-install --disable-libstdc__-v3 --disable-libssp --enable-threads --disable-nls --disable-libmudflap --disable-libgomp
Thread model: single
gcc version 4.3.1 (GCC) 
COMPILER_PATH=/home/android/mydroid2/prebuilt/linux-x86/toolchain/arm-eabi-4.3.1/bin/../libexec/gcc/arm-eabi/4.3.1/:/home/android/mydroid2/prebuilt/linux-x86/toolchain/arm-eabi-4.3.1/bin/../libexec/gcc/:/home/android/mydroid2/prebuilt/linux-x86/toolchain/arm-eabi-4.3.1/bin/../lib/gcc/arm-eabi/4.3.1/../../../../arm-eabi/bin/
LIBRARY_PATH=/home/android/mydroid2/prebuilt/linux-x86/toolchain/arm-eabi-4.3.1/bin/../lib/gcc/arm-eabi/4.3.1/:/home/android/mydroid2/prebuilt/linux-x86/toolchain/arm-eabi-4.3.1/bin/../lib/gcc/:/home/android/mydroid2/prebuilt/linux-x86/toolchain/arm-eabi-4.3.1/bin/../lib/gcc/arm-eabi/4.3.1/../../../../arm-eabi/lib/
COLLECT_GCC_OPTIONS='-I/home/android/mydroid2/system/core/include' '-I/home/android/mydroid2/hardware/libhardware/include' '-I/home/android/mydroid2/hardware/ril/include' '-I/home/android/mydroid2/dalvik/libnativehelper/include' '-I/home/android/mydroid2/frameworks/base/include' '-I/home/android/mydroid2/external/skia/include' '-I/home/android/mydroid2/out/target/product/generic/obj/include' '-I/home/android/mydroid2/bionic/libc/arch-arm/include' '-I/home/android/mydroid2/bionic/libc/include' '-I/home/android/mydroid2/bionic/libstdc++/include' '-I/home/android/mydroid2/bionic/libc/kernel/common' '-I/home/android/mydroid2/bionic/libc/kernel/arch-arm' '-I/home/android/mydroid2/bionic/libm/include' '-I/home/android/mydroid2/bionic/libm/include/arch/arm' '-I/home/android/mydroid2/bionic/libthread_db/include' '-I/home/android/mydroid2/bionic/libm/arm' '-I/home/android/mydroid2/bionic/libm' '-I/home/android/vpnc-4-thedroid/libgpg-error-1.7/src' '-I/home/android/mydroid2/out/target/product/generic/obj/SHARED_LIBRARIES/libm_intermediates' '-D__ARM_ARCH_5__' '-D__ARM_ARCH_5T__' '-D__ARM_ARCH_5E__' '-D__ARM_ARCH_5TE__' '-DANDROID' '-DSK_RELEASE' '-DNDEBUG' '-include' '/home/android/mydroid2/system/core/include/arch/linux-arm/AndroidConfig.h' '-UDEBUG' '-march=armv5te' '-mtune=xscale' '-msoft-float' '-mthumb-interwork' '-fpic' '-fno-exceptions' '-ffunction-sections' '-funwind-tables' '-fstack-protector' '-fmessage-length=0' '-Bdynamic' '-L/home/android/mydroid2/out/target/product/generic/obj/lib' '-nostdlib' '-v'
 /home/android/mydroid2/prebuilt/linux-x86/toolchain/arm-eabi-4.3.1/bin/../libexec/gcc/arm-eabi/4.3.1/collect2 -X -L/home/android/mydroid2/out/target/product/generic/obj/lib -L/home/android/mydroid2/prebuilt/linux-x86/toolchain/arm-eabi-4.3.1/bin/../lib/gcc/arm-eabi/4.3.1 -L/home/android/mydroid2/prebuilt/linux-x86/toolchain/arm-eabi-4.3.1/bin/../lib/gcc -L/home/android/mydroid2/prebuilt/linux-x86/toolchain/arm-eabi-4.3.1/bin/../lib/gcc/arm-eabi/4.3.1/../../../../arm-eabi/lib -T /home/android/mydroid2/build/core/armelf.x -dynamic-linker /system/bin/linker --gc-sections -z nocopyreloc --no-undefined -rpath-link=/home/android/mydroid2/out/target/product/generic/obj/lib /home/android/mydroid2/out/target/product/generic/obj/lib/crtend_android.o /home/android/mydroid2/out/target/product/generic/obj/lib/crtbegin_dynamic.o /home/android/mydroid2/prebuilt/linux-x86/toolchain/arm-eabi-4.2.1/lib/gcc/arm-eabi/4.2.1/interwork/libgcc.a -lc -lm
/home/android/mydroid2/out/target/product/generic/obj/lib/crtbegin_dynamic.o: In function `_start':
bionic/libc/arch-arm/bionic/crtbegin_dynamic.S:(.text+0x14): undefined reference to `main'
collect2: ld returned 1 exit status
configure:3058: $? = 1
configure:3065: /home/android/bin/agcc -V >&5
arm-eabi-gcc: '-V' must come at the start of the command line
configure:3069: $? = 1
configure:3092: checking for C compiler default output file name
configure:3114: /home/android/bin/agcc    conftest.c  >&5
configure:3118: $? = 0
configure:3156: result: a.out
configure:3175: checking whether the C compiler works
configure:3185: ./a.out
./configure: line 3187: ./a.out: cannot execute binary file
configure:3189: $? = 126
configure:3208: result: yes
configure:3215: checking whether we are cross compiling
configure:3217: result: yes
configure:3220: checking for suffix of executables
configure:3227: /home/android/bin/agcc -o conftest    conftest.c  >&5
configure:3231: $? = 0
configure:3257: result: 
configure:3263: checking for suffix of object files
configure:3289: /home/android/bin/agcc -c   conftest.c >&5
configure:3293: $? = 0
configure:3318: result: o
configure:3322: checking whether we are using the GNU C compiler
configure:3351: /home/android/bin/agcc -c   conftest.c >&5
configure:3358: $? = 0
configure:3375: result: yes
configure:3384: checking whether /home/android/bin/agcc accepts -g
configure:3414: /home/android/bin/agcc -c -g  conftest.c >&5
configure:3421: $? = 0
configure:3522: result: yes
configure:3539: checking for /home/android/bin/agcc option to accept ISO C89
configure:3613: /home/android/bin/agcc  -c -g -O2  conftest.c >&5
configure:3620: $? = 0
configure:3643: result: none needed
configure:3672: checking for style of include used by make
configure:3700: result: GNU
configure:3725: checking dependency style of /home/android/bin/agcc
configure:3816: result: gcc3
configure:3832: checking whether /home/android/bin/agcc and cc understand -c and -o together
configure:3867: /home/android/bin/agcc -c conftest.c -o conftest2.o >&5
configure:3871: $? = 0
configure:3877: /home/android/bin/agcc -c conftest.c -o conftest2.o >&5
configure:3881: $? = 0
configure:3892: cc -c conftest.c >&5
configure:3896: $? = 0
configure:3904: cc -c conftest.c -o conftest2.o >&5
configure:3908: $? = 0
configure:3914: cc -c conftest.c -o conftest2.o >&5
configure:3918: $? = 0
configure:3936: result: yes
configure:3967: checking how to run the C preprocessor
configure:4007: /home/android/bin/agcc -E  conftest.c
configure:4014: $? = 0
configure:4045: /home/android/bin/agcc -E  conftest.c
conftest.c:10:28: error: ac_nonexistent.h: No such file or directory
configure:4052: $? = 1
configure: failed program was:
| /* confdefs.h.  */
| #define PACKAGE_NAME "libgpg-error"
| #define PACKAGE_TARNAME "libgpg-error"
| #define PACKAGE_VERSION "1.7"
| #define PACKAGE_STRING "libgpg-error 1.7"
| #define PACKAGE_BUGREPORT "bug-gnupg@gnupg.org"
| #define PACKAGE "libgpg-error"
| #define VERSION "1.7"
| /* end confdefs.h.  */
| #include <ac_nonexistent.h>
configure:4085: result: /home/android/bin/agcc -E
configure:4114: /home/android/bin/agcc -E  conftest.c
configure:4121: $? = 0
configure:4152: /home/android/bin/agcc -E  conftest.c
conftest.c:10:28: error: ac_nonexistent.h: No such file or directory
configure:4159: $? = 1
configure: failed program was:
| /* confdefs.h.  */
| #define PACKAGE_NAME "libgpg-error"
| #define PACKAGE_TARNAME "libgpg-error"
| #define PACKAGE_VERSION "1.7"
| #define PACKAGE_STRING "libgpg-error 1.7"
| #define PACKAGE_BUGREPORT "bug-gnupg@gnupg.org"
| #define PACKAGE "libgpg-error"
| #define VERSION "1.7"
| /* end confdefs.h.  */
| #include <ac_nonexistent.h>
configure:4202: checking for gawk
configure:4229: result: gawk
configure:4243: checking for arm-eabi-ar
configure:4259: found /home/android/mydroid2/prebuilt/linux-x86/toolchain/arm-eabi-4.3.1/bin//arm-eabi-ar
configure:4270: result: arm-eabi-ar
configure:4337: checking for arm-eabi-windres
configure:4367: result: no
configure:4377: checking for windres
configure:4407: result: no
configure:4433: checking for grep that handles long lines and -e
configure:4493: result: /bin/grep
configure:4498: checking for egrep
configure:4562: result: /bin/grep -E
configure:4567: checking for ANSI C header files
configure:4597: /home/android/bin/agcc -c -g -O2  conftest.c >&5
configure:4604: $? = 0
configure:4735: result: yes
configure:4759: checking for sys/types.h
configure:4780: /home/android/bin/agcc -c -g -O2  conftest.c >&5
configure:4787: $? = 0
configure:4804: result: yes
configure:4759: checking for sys/stat.h
configure:4780: /home/android/bin/agcc -c -g -O2  conftest.c >&5
configure:4787: $? = 0
configure:4804: result: yes
configure:4759: checking for stdlib.h
configure:4780: /home/android/bin/agcc -c -g -O2  conftest.c >&5
configure:4787: $? = 0
configure:4804: result: yes
configure:4759: checking for string.h
configure:4780: /home/android/bin/agcc -c -g -O2  conftest.c >&5
configure:4787: $? = 0
configure:4804: result: yes
configure:4759: checking for memory.h
configure:4780: /home/android/bin/agcc -c -g -O2  conftest.c >&5
configure:4787: $? = 0
configure:4804: result: yes
configure:4759: checking for strings.h
configure:4780: /home/android/bin/agcc -c -g -O2  conftest.c >&5
configure:4787: $? = 0
configure:4804: result: yes
configure:4759: checking for inttypes.h
configure:4780: /home/android/bin/agcc -c -g -O2  conftest.c >&5
configure:4787: $? = 0
configure:4804: result: yes
configure:4759: checking for stdint.h
configure:4780: /home/android/bin/agcc -c -g -O2  conftest.c >&5
configure:4787: $? = 0
configure:4804: result: yes
configure:4759: checking for unistd.h
configure:4780: /home/android/bin/agcc -c -g -O2  conftest.c >&5
configure:4787: $? = 0
configure:4804: result: yes
configure:4829: checking minix/config.h usability
configure:4846: /home/android/bin/agcc -c -g -O2  conftest.c >&5
conftest.c:53:26: error: minix/config.h: No such file or directory
configure:4853: $? = 1
configure: failed program was:
| /* confdefs.h.  */
| #define PACKAGE_NAME "libgpg-error"
| #define PACKAGE_TARNAME "libgpg-error"
| #define PACKAGE_VERSION "1.7"
| #define PACKAGE_STRING "libgpg-error 1.7"
| #define PACKAGE_BUGREPORT "bug-gnupg@gnupg.org"
| #define PACKAGE "libgpg-error"
| #define VERSION "1.7"
| #define STDC_HEADERS 1
| #define HAVE_SYS_TYPES_H 1
| #define HAVE_SYS_STAT_H 1
| #define HAVE_STDLIB_H 1
| #define HAVE_STRING_H 1
| #define HAVE_MEMORY_H 1
| #define HAVE_STRINGS_H 1
| #define HAVE_INTTYPES_H 1
| #define HAVE_STDINT_H 1
| #define HAVE_UNISTD_H 1
| /* end confdefs.h.  */
| #include <stdio.h>
| #ifdef HAVE_SYS_TYPES_H
| # include <sys/types.h>
| #endif
| #ifdef HAVE_SYS_STAT_H
| # include <sys/stat.h>
| #endif
| #ifdef STDC_HEADERS
| # include <stdlib.h>
| # include <stddef.h>
| #else
| # ifdef HAVE_STDLIB_H
| #  include <stdlib.h>
| # endif
| #endif
| #ifdef HAVE_STRING_H
| # if !defined STDC_HEADERS && defined HAVE_MEMORY_H
| #  include <memory.h>
| # endif
| # include <string.h>
| #endif
| #ifdef HAVE_STRINGS_H
| # include <strings.h>
| #endif
| #ifdef HAVE_INTTYPES_H
| # include <inttypes.h>
| #endif
| #ifdef HAVE_STDINT_H
| # include <stdint.h>
| #endif
| #ifdef HAVE_UNISTD_H
| # include <unistd.h>
| #endif
| #include <minix/config.h>
configure:4867: result: no
configure:4871: checking minix/config.h presence
configure:4886: /home/android/bin/agcc -E  conftest.c
conftest.c:20:26: error: minix/config.h: No such file or directory
configure:4893: $? = 1
configure: failed program was:
| /* confdefs.h.  */
| #define PACKAGE_NAME "libgpg-error"
| #define PACKAGE_TARNAME "libgpg-error"
| #define PACKAGE_VERSION "1.7"
| #define PACKAGE_STRING "libgpg-error 1.7"
| #define PACKAGE_BUGREPORT "bug-gnupg@gnupg.org"
| #define PACKAGE "libgpg-error"
| #define VERSION "1.7"
| #define STDC_HEADERS 1
| #define HAVE_SYS_TYPES_H 1
| #define HAVE_SYS_STAT_H 1
| #define HAVE_STDLIB_H 1
| #define HAVE_STRING_H 1
| #define HAVE_MEMORY_H 1
| #define HAVE_STRINGS_H 1
| #define HAVE_INTTYPES_H 1
| #define HAVE_STDINT_H 1
| #define HAVE_UNISTD_H 1
| /* end confdefs.h.  */
| #include <minix/config.h>
configure:4907: result: no
configure:4940: checking for minix/config.h
configure:4947: result: no
configure:4978: checking whether it is safe to define __EXTENSIONS__
configure:5006: /home/android/bin/agcc -c -g -O2  conftest.c >&5
configure:5013: $? = 0
configure:5028: result: yes
configure:5125: checking for a sed that does not truncate output
configure:5179: result: /bin/sed
configure:5193: checking for ld used by /home/android/bin/agcc
configure:5260: result: /home/android/mydroid2/prebuilt/linux-x86/toolchain/arm-eabi-4.3.1/arm-eabi/bin/ld
configure:5269: checking if the linker (/home/android/mydroid2/prebuilt/linux-x86/toolchain/arm-eabi-4.3.1/arm-eabi/bin/ld) is GNU ld
configure:5284: result: yes
configure:5289: checking for /home/android/mydroid2/prebuilt/linux-x86/toolchain/arm-eabi-4.3.1/arm-eabi/bin/ld option to reload object files
configure:5296: result: -r
configure:5305: checking for BSD-compatible nm
configure:5347: result: /home/android/mydroid2/prebuilt/linux-x86/toolchain/arm-eabi-4.3.1/bin//arm-eabi-nm -B
configure:5351: checking whether ln -s works
configure:5355: result: yes
configure:5362: checking how to recognise dependent libraries
configure:5536: result: unknown
configure:6039: checking dlfcn.h usability
configure:6056: /home/android/bin/agcc -c -g -O2  conftest.c >&5
configure:6063: $? = 0
configure:6077: result: yes
configure:6081: checking dlfcn.h presence
configure:6096: /home/android/bin/agcc -E  conftest.c
configure:6103: $? = 0
configure:6117: result: yes
configure:6150: checking for dlfcn.h
configure:6159: result: yes
configure:6188: checking for arm-eabi-g++
configure:6204: found /home/android/mydroid2/prebuilt/linux-x86/toolchain/arm-eabi-4.3.1/bin//arm-eabi-g++
configure:6215: result: arm-eabi-g++
configure:6286: checking for C++ compiler version
configure:6294: arm-eabi-g++ --version >&5
arm-eabi-g++ (GCC) 4.3.1
Copyright (C) 2008 Free Software Foundation, Inc.
This is free software; see the source for copying conditions.  There is NO
warranty; not even for MERCHANTABILITY or FITNESS FOR A PARTICULAR PURPOSE.

configure:6298: $? = 0
configure:6305: arm-eabi-g++ -v >&5
Using built-in specs.
Target: arm-eabi
Configured with: ../../gcc-4.3.1/configure --with-gcc-version=4.3.1 --prefix=/home/bccheng/local/Toolchain/toolchain/android-toolchain/gcc-4.3.1-install --with-arch=armv5te --program-transform-name='s,^,arm-eabi-,' --prefix=/home/bccheng/local/Toolchain/toolchain/android-toolchain/gcc-4.3.1-install --target=arm-eabi --host=x86_64-unknown-linux-gnu --build=x86_64-unknown-linux-gnu --enable-languages=c,c++ --with-gmp=/home/bccheng/local/Toolchain/toolchain/android-toolchain/gcc-4.3.1-obj/temp-install --with-mpfr=/home/bccheng/local/Toolchain/toolchain/android-toolchain/gcc-4.3.1-obj/temp-install --disable-libstdc__-v3 --disable-libssp --enable-threads --disable-nls --disable-libmudflap --disable-libgomp
Thread model: single
gcc version 4.3.1 (GCC) 
configure:6309: $? = 0
configure:6316: arm-eabi-g++ -V >&5
arm-eabi-g++: '-V' option must have argument
configure:6320: $? = 1
configure:6323: checking whether we are using the GNU C++ compiler
configure:6352: arm-eabi-g++ -c   conftest.cpp >&5
configure:6359: $? = 0
configure:6376: result: yes
configure:6385: checking whether arm-eabi-g++ accepts -g
configure:6415: arm-eabi-g++ -c -g  conftest.cpp >&5
configure:6422: $? = 0
configure:6523: result: yes
configure:6548: checking dependency style of arm-eabi-g++
configure:6639: result: gcc3
configure:6659: checking how to run the C++ preprocessor
configure:6695: arm-eabi-g++ -E  conftest.cpp
configure:6702: $? = 0
configure:6733: arm-eabi-g++ -E  conftest.cpp
conftest.cpp:26:28: error: ac_nonexistent.h: No such file or directory
configure:6740: $? = 1
configure: failed program was:
| /* confdefs.h.  */
| #define PACKAGE_NAME "libgpg-error"
| #define PACKAGE_TARNAME "libgpg-error"
| #define PACKAGE_VERSION "1.7"
| #define PACKAGE_STRING "libgpg-error 1.7"
| #define PACKAGE_BUGREPORT "bug-gnupg@gnupg.org"
| #define PACKAGE "libgpg-error"
| #define VERSION "1.7"
| #define STDC_HEADERS 1
| #define HAVE_SYS_TYPES_H 1
| #define HAVE_SYS_STAT_H 1
| #define HAVE_STDLIB_H 1
| #define HAVE_STRING_H 1
| #define HAVE_MEMORY_H 1
| #define HAVE_STRINGS_H 1
| #define HAVE_INTTYPES_H 1
| #define HAVE_STDINT_H 1
| #define HAVE_UNISTD_H 1
| #define __EXTENSIONS__ 1
| #define _ALL_SOURCE 1
| #define _GNU_SOURCE 1
| #define _POSIX_PTHREAD_SEMANTICS 1
| #define _TANDEM_SOURCE 1
| #define HAVE_DLFCN_H 1
| /* end confdefs.h.  */
| #include <ac_nonexistent.h>
configure:6773: result: arm-eabi-g++ -E
configure:6802: arm-eabi-g++ -E  conftest.cpp
configure:6809: $? = 0
configure:6840: arm-eabi-g++ -E  conftest.cpp
conftest.cpp:26:28: error: ac_nonexistent.h: No such file or directory
configure:6847: $? = 1
configure: failed program was:
| /* confdefs.h.  */
| #define PACKAGE_NAME "libgpg-error"
| #define PACKAGE_TARNAME "libgpg-error"
| #define PACKAGE_VERSION "1.7"
| #define PACKAGE_STRING "libgpg-error 1.7"
| #define PACKAGE_BUGREPORT "bug-gnupg@gnupg.org"
| #define PACKAGE "libgpg-error"
| #define VERSION "1.7"
| #define STDC_HEADERS 1
| #define HAVE_SYS_TYPES_H 1
| #define HAVE_SYS_STAT_H 1
| #define HAVE_STDLIB_H 1
| #define HAVE_STRING_H 1
| #define HAVE_MEMORY_H 1
| #define HAVE_STRINGS_H 1
| #define HAVE_INTTYPES_H 1
| #define HAVE_STDINT_H 1
| #define HAVE_UNISTD_H 1
| #define __EXTENSIONS__ 1
| #define _ALL_SOURCE 1
| #define _GNU_SOURCE 1
| #define _POSIX_PTHREAD_SEMANTICS 1
| #define _TANDEM_SOURCE 1
| #define HAVE_DLFCN_H 1
| /* end confdefs.h.  */
| #include <ac_nonexistent.h>
configure:6896: checking for arm-eabi-g77
configure:6926: result: no
configure:6896: checking for arm-eabi-xlf
configure:6926: result: no
configure:6896: checking for arm-eabi-f77
configure:6926: result: no
configure:6896: checking for arm-eabi-frt
configure:6926: result: no
configure:6896: checking for arm-eabi-pgf77
configure:6926: result: no
configure:6896: checking for arm-eabi-cf77
configure:6926: result: no
configure:6896: checking for arm-eabi-fort77
configure:6926: result: no
configure:6896: checking for arm-eabi-fl32
configure:6926: result: no
configure:6896: checking for arm-eabi-af77
configure:6926: result: no
configure:6896: checking for arm-eabi-xlf90
configure:6926: result: no
configure:6896: checking for arm-eabi-f90
configure:6926: result: no
configure:6896: checking for arm-eabi-pgf90
configure:6926: result: no
configure:6896: checking for arm-eabi-pghpf
configure:6926: result: no
configure:6896: checking for arm-eabi-epcf90
configure:6926: result: no
configure:6896: checking for arm-eabi-gfortran
configure:6926: result: no
configure:6896: checking for arm-eabi-g95
configure:6926: result: no
configure:6896: checking for arm-eabi-xlf95
configure:6926: result: no
configure:6896: checking for arm-eabi-f95
configure:6926: result: no
configure:6896: checking for arm-eabi-fort
configure:6926: result: no
configure:6896: checking for arm-eabi-ifort
configure:6926: result: no
configure:6896: checking for arm-eabi-ifc
configure:6926: result: no
configure:6896: checking for arm-eabi-efc
configure:6926: result: no
configure:6896: checking for arm-eabi-pgf95
configure:6926: result: no
configure:6896: checking for arm-eabi-lf95
configure:6926: result: no
configure:6896: checking for arm-eabi-ftn
configure:6926: result: no
configure:6940: checking for g77
configure:6956: found /usr/bin/g77
configure:6967: result: g77
configure:6983: WARNING: using cross tools not prefixed with host triplet
configure:6993: checking for Fortran 77 compiler version
configure:7001: g77 --version >&5
GNU Fortran (GCC) 3.4.6 20060404 (Red Hat 3.4.6-9)
Copyright (C) 2006 Free Software Foundation, Inc.

GNU Fortran comes with NO WARRANTY, to the extent permitted by law.
You may redistribute copies of GNU Fortran
under the terms of the GNU General Public License.
For more information about these matters, see the file named COPYING
or type the command `info -f g77 Copying'.
configure:7005: $? = 0
configure:7012: g77 -v >&5
Reading specs from /usr/lib/gcc/x86_64-redhat-linux/3.4.6/specs
Configured with: ../configure --prefix=/usr --mandir=/usr/share/man --infodir=/usr/share/info --enable-shared --enable-threads=posix --disable-checking --with-system-zlib --enable-__cxa_atexit --disable-libunwind-exceptions --enable-languages=c,c++,f77 --disable-libgcj --host=x86_64-redhat-linux
Thread model: posix
gcc version 3.4.6 20060404 (Red Hat 3.4.6-9)
configure:7016: $? = 0
configure:7023: g77 -V >&5
g77: `-V' option must have argument
configure:7027: $? = 1
configure:7035: checking whether we are using the GNU Fortran 77 compiler
configure:7054: g77 -c  conftest.F >&5
configure:7061: $? = 0
configure:7078: result: yes
configure:7084: checking whether g77 accepts -g
configure:7101: g77 -c -g conftest.f >&5
configure:7108: $? = 0
configure:7124: result: yes
configure:7158: checking the maximum length of command line arguments
configure:7223: result: 32768
configure:7234: checking command to parse /home/android/mydroid2/prebuilt/linux-x86/toolchain/arm-eabi-4.3.1/bin//arm-eabi-nm -B output from /home/android/bin/agcc object
configure:7323: /home/android/bin/agcc -c -g -O2  conftest.c >&5
configure:7326: $? = 0
configure:7330: /home/android/mydroid2/prebuilt/linux-x86/toolchain/arm-eabi-4.3.1/bin//arm-eabi-nm -B conftest.o \| sed -n -e 's/^.*[ 	]\([ABCDGIRSTW][ABCDGIRSTW]*\)[ 	][ 	]*\(\)\([_A-Za-z][_A-Za-z0-9]*\)$/\1 \2\3 \3/p' \> conftest.nm
configure:7333: $? = 0
configure:7385: /home/android/bin/agcc -o conftest -g -O2   conftest.c conftstm.o >&5
configure:7388: $? = 0
configure:7426: result: ok
configure:7430: checking for objdir
configure:7445: result: .libs
configure:7497: checking for arm-eabi-ar
configure:7524: result: arm-eabi-ar
configure:7589: checking for arm-eabi-ranlib
configure:7605: found /home/android/mydroid2/prebuilt/linux-x86/toolchain/arm-eabi-4.3.1/bin//arm-eabi-ranlib
configure:7616: result: arm-eabi-ranlib
configure:7681: checking for arm-eabi-strip
configure:7708: result: arm-eabi-strip
configure:8020: checking if /home/android/bin/agcc static flag  works
configure:8043: result: yes
configure:8065: checking if /home/android/bin/agcc supports -fno-rtti -fno-exceptions
configure:8083: /home/android/bin/agcc -c -g -O2  -fno-rtti -fno-exceptions conftest.c >&5
cc1: warning: command line option "-fno-rtti" is valid for C++/ObjC++ but not for C
configure:8087: $? = 0
configure:8098: result: no
configure:8113: checking for /home/android/bin/agcc option to produce PIC
configure:8290: result: -fPIC
configure:8298: checking if /home/android/bin/agcc PIC flag -fPIC works
configure:8316: /home/android/bin/agcc -c -g -O2  -fPIC -DPIC conftest.c >&5
configure:8320: $? = 0
configure:8331: result: yes
configure:8355: checking if /home/android/bin/agcc supports -c -o file.o
configure:8376: /home/android/bin/agcc -c -g -O2  -o out/conftest2.o conftest.c >&5
configure:8380: $? = 0
configure:8400: result: yes
configure:8426: checking whether the /home/android/bin/agcc linker (/home/android/mydroid2/prebuilt/linux-x86/toolchain/arm-eabi-4.3.1/arm-eabi/bin/ld) supports shared libraries
configure:9279: result: yes
configure:9305: checking whether -lc should be explicitly linked in
configure:9310: /home/android/bin/agcc -c -g -O2  conftest.c >&5
configure:9313: $? = 0
configure:9327: /home/android/bin/agcc -shared conftest.o  -v -Wl,-soname -Wl,conftest -o conftest 2\>\&1 \| grep  -lc  \>/dev/null 2\>\&1
configure:9330: $? = 0
configure:9342: result: no
configure:9350: checking dynamic linker characteristics
configure:9902: result: no
configure:9906: checking how to hardcode library paths into programs
configure:9931: result: immediate
configure:9945: checking whether stripping libraries is possible
configure:9950: result: yes
configure:10775: checking if libtool supports shared libraries
configure:10777: result: no
configure:10780: checking whether to build shared libraries
configure:10838: result: no
configure:10841: checking whether to build static libraries
configure:10845: result: yes
configure:10937: creating libtool
configure:11484: checking for ld used by arm-eabi-g++
configure:11551: result: /home/android/mydroid2/prebuilt/linux-x86/toolchain/arm-eabi-4.3.1/arm-eabi/bin/ld
configure:11560: checking if the linker (/home/android/mydroid2/prebuilt/linux-x86/toolchain/arm-eabi-4.3.1/arm-eabi/bin/ld) is GNU ld
configure:11575: result: yes
configure:11626: checking whether the arm-eabi-g++ linker (/home/android/mydroid2/prebuilt/linux-x86/toolchain/arm-eabi-4.3.1/arm-eabi/bin/ld) supports shared libraries
configure:12458: result: no
configure:12480: arm-eabi-g++ -c -g -O2  conftest.cc >&5
configure:12483: $? = 0
configure:12579: checking for arm-eabi-g++ option to produce PIC
configure:12831: result: -fPIC
configure:12839: checking if arm-eabi-g++ PIC flag -fPIC works
configure:12857: arm-eabi-g++ -c -g -O2  -fPIC -DPIC conftest.cc >&5
configure:12861: $? = 0
configure:12872: result: yes
configure:12896: checking if arm-eabi-g++ supports -c -o file.o
configure:12917: arm-eabi-g++ -c -g -O2  -o out/conftest2.o conftest.cc >&5
configure:12921: $? = 0
configure:12941: result: yes
configure:12967: checking whether the arm-eabi-g++ linker (/home/android/mydroid2/prebuilt/linux-x86/toolchain/arm-eabi-4.3.1/arm-eabi/bin/ld) supports shared libraries
configure:12995: result: no
configure:13066: checking dynamic linker characteristics
configure:13618: result: no
configure:13622: checking how to hardcode library paths into programs
configure:13647: result: immediate
configure:13661: checking whether stripping libraries is possible
configure:13666: result: yes
configure:14968: checking if libtool supports shared libraries
configure:14970: result: no
configure:14973: checking whether to build shared libraries
configure:14991: result: no
configure:14994: checking whether to build static libraries
configure:14998: result: yes
configure:15010: checking for g77 option to produce PIC
configure:15187: result: -fPIC
configure:15195: checking if g77 PIC flag -fPIC works
configure:15213: g77 -c -g -O2 -fPIC conftest.f >&5
configure:15217: $? = 0
configure:15228: result: yes
configure:15252: checking if g77 supports -c -o file.o
configure:15273: g77 -c -g -O2 -o out/conftest2.o conftest.f >&5
configure:15277: $? = 0
configure:15297: result: yes
configure:15323: checking whether the g77 linker (/home/android/mydroid2/prebuilt/linux-x86/toolchain/arm-eabi-4.3.1/arm-eabi/bin/ld) supports shared libraries
configure:16156: result: yes
configure:16227: checking dynamic linker characteristics
configure:16779: result: no
configure:16783: checking how to hardcode library paths into programs
configure:16808: result: immediate
configure:16822: checking whether stripping libraries is possible
configure:16827: result: yes
configure:20929: checking for cc for build
configure:20936: result: cc
configure:20959: checking whether NLS is requested
configure:20968: result: yes
configure:21006: checking for msgfmt
configure: trying /usr/bin/msgfmt...
0 translated messages.
configure:21038: result: /usr/bin/msgfmt
configure:21047: checking for gmsgfmt
configure:21078: result: /usr/bin/msgfmt
configure:21129: checking for xgettext
configure: trying /usr/bin/xgettext...
/usr/bin/xgettext: warning: file `/dev/null' extension `' is unknown; will try C
configure:21161: result: /usr/bin/xgettext
configure:21207: checking for msgmerge
configure: trying /usr/bin/msgmerge...
configure:21238: result: /usr/bin/msgmerge
configure:21292: checking for ld used by GCC
configure:21356: result: /home/android/mydroid2/prebuilt/linux-x86/toolchain/arm-eabi-4.3.1/arm-eabi/bin/ld
configure:21365: checking if the linker (/home/android/mydroid2/prebuilt/linux-x86/toolchain/arm-eabi-4.3.1/arm-eabi/bin/ld) is GNU ld
configure:21378: result: yes
configure:21385: checking for shared library run path origin
configure:21398: result: done
configure:21834: checking for CFPreferencesCopyAppValue
configure:21862: /home/android/bin/agcc -o conftest -g -O2   conftest.c  -Wl,-framework -Wl,CoreFoundation >&5
conftest.c:26:42: error: CoreFoundation/CFPreferences.h: No such file or directory
conftest.c: In function 'main':
conftest.c:30: warning: implicit declaration of function 'CFPreferencesCopyAppValue'
conftest.c:30: error: 'NULL' undeclared (first use in this function)
conftest.c:30: error: (Each undeclared identifier is reported only once
conftest.c:30: error: for each function it appears in.)
configure:21869: $? = 1
configure: failed program was:
| /* confdefs.h.  */
| #define PACKAGE_NAME "libgpg-error"
| #define PACKAGE_TARNAME "libgpg-error"
| #define PACKAGE_VERSION "1.7"
| #define PACKAGE_STRING "libgpg-error 1.7"
| #define PACKAGE_BUGREPORT "bug-gnupg@gnupg.org"
| #define PACKAGE "libgpg-error"
| #define VERSION "1.7"
| #define STDC_HEADERS 1
| #define HAVE_SYS_TYPES_H 1
| #define HAVE_SYS_STAT_H 1
| #define HAVE_STDLIB_H 1
| #define HAVE_STRING_H 1
| #define HAVE_MEMORY_H 1
| #define HAVE_STRINGS_H 1
| #define HAVE_INTTYPES_H 1
| #define HAVE_STDINT_H 1
| #define HAVE_UNISTD_H 1
| #define __EXTENSIONS__ 1
| #define _ALL_SOURCE 1
| #define _GNU_SOURCE 1
| #define _POSIX_PTHREAD_SEMANTICS 1
| #define _TANDEM_SOURCE 1
| #define HAVE_DLFCN_H 1
| /* end confdefs.h.  */
| #include <CoreFoundation/CFPreferences.h>
| int
| main ()
| {
| CFPreferencesCopyAppValue(NULL, NULL)
|   ;
|   return 0;
| }
configure:21890: result: no
configure:21899: checking for CFLocaleCopyCurrent
configure:21927: /home/android/bin/agcc -o conftest -g -O2   conftest.c  -Wl,-framework -Wl,CoreFoundation >&5
conftest.c:26:37: error: CoreFoundation/CFLocale.h: No such file or directory
conftest.c: In function 'main':
conftest.c:30: warning: implicit declaration of function 'CFLocaleCopyCurrent'
configure:21934: $? = 1
configure: failed program was:
| /* confdefs.h.  */
| #define PACKAGE_NAME "libgpg-error"
| #define PACKAGE_TARNAME "libgpg-error"
| #define PACKAGE_VERSION "1.7"
| #define PACKAGE_STRING "libgpg-error 1.7"
| #define PACKAGE_BUGREPORT "bug-gnupg@gnupg.org"
| #define PACKAGE "libgpg-error"
| #define VERSION "1.7"
| #define STDC_HEADERS 1
| #define HAVE_SYS_TYPES_H 1
| #define HAVE_SYS_STAT_H 1
| #define HAVE_STDLIB_H 1
| #define HAVE_STRING_H 1
| #define HAVE_MEMORY_H 1
| #define HAVE_STRINGS_H 1
| #define HAVE_INTTYPES_H 1
| #define HAVE_STDINT_H 1
| #define HAVE_UNISTD_H 1
| #define __EXTENSIONS__ 1
| #define _ALL_SOURCE 1
| #define _GNU_SOURCE 1
| #define _POSIX_PTHREAD_SEMANTICS 1
| #define _TANDEM_SOURCE 1
| #define HAVE_DLFCN_H 1
| /* end confdefs.h.  */
| #include <CoreFoundation/CFLocale.h>
| int
| main ()
| {
| CFLocaleCopyCurrent();
|   ;
|   return 0;
| }
configure:21955: result: no
configure:21986: checking for GNU gettext in libc
configure:22015: /home/android/bin/agcc -o conftest -g -O2   conftest.c  >&5
conftest.c:26:21: error: libintl.h: No such file or directory
conftest.c: In function 'main':
conftest.c:33: warning: incompatible implicit declaration of built-in function 'gettext'
configure:22022: $? = 1
configure: failed program was:
| /* confdefs.h.  */
| #define PACKAGE_NAME "libgpg-error"
| #define PACKAGE_TARNAME "libgpg-error"
| #define PACKAGE_VERSION "1.7"
| #define PACKAGE_STRING "libgpg-error 1.7"
| #define PACKAGE_BUGREPORT "bug-gnupg@gnupg.org"
| #define PACKAGE "libgpg-error"
| #define VERSION "1.7"
| #define STDC_HEADERS 1
| #define HAVE_SYS_TYPES_H 1
| #define HAVE_SYS_STAT_H 1
| #define HAVE_STDLIB_H 1
| #define HAVE_STRING_H 1
| #define HAVE_MEMORY_H 1
| #define HAVE_STRINGS_H 1
| #define HAVE_INTTYPES_H 1
| #define HAVE_STDINT_H 1
| #define HAVE_UNISTD_H 1
| #define __EXTENSIONS__ 1
| #define _ALL_SOURCE 1
| #define _GNU_SOURCE 1
| #define _POSIX_PTHREAD_SEMANTICS 1
| #define _TANDEM_SOURCE 1
| #define HAVE_DLFCN_H 1
| /* end confdefs.h.  */
| #include <libintl.h>
| extern int _nl_msg_cat_cntr;
| extern int *_nl_domain_bindings;
| int
| main ()
| {
| bindtextdomain ("", "");
| return * gettext ("") + _nl_msg_cat_cntr + *_nl_domain_bindings
|   ;
|   return 0;
| }
configure:22042: result: no
configure:22076: checking for iconv
configure:22108: /home/android/bin/agcc -o conftest -g -O2   conftest.c  >&5
conftest.c:27:19: error: iconv.h: No such file or directory
conftest.c: In function 'main':
conftest.c:31: error: 'iconv_t' undeclared (first use in this function)
conftest.c:31: error: (Each undeclared identifier is reported only once
conftest.c:31: error: for each function it appears in.)
conftest.c:31: error: expected ';' before 'cd'
conftest.c:32: error: 'cd' undeclared (first use in this function)
configure:22115: $? = 1
configure: failed program was:
| /* confdefs.h.  */
| #define PACKAGE_NAME "libgpg-error"
| #define PACKAGE_TARNAME "libgpg-error"
| #define PACKAGE_VERSION "1.7"
| #define PACKAGE_STRING "libgpg-error 1.7"
| #define PACKAGE_BUGREPORT "bug-gnupg@gnupg.org"
| #define PACKAGE "libgpg-error"
| #define VERSION "1.7"
| #define STDC_HEADERS 1
| #define HAVE_SYS_TYPES_H 1
| #define HAVE_SYS_STAT_H 1
| #define HAVE_STDLIB_H 1
| #define HAVE_STRING_H 1
| #define HAVE_MEMORY_H 1
| #define HAVE_STRINGS_H 1
| #define HAVE_INTTYPES_H 1
| #define HAVE_STDINT_H 1
| #define HAVE_UNISTD_H 1
| #define __EXTENSIONS__ 1
| #define _ALL_SOURCE 1
| #define _GNU_SOURCE 1
| #define _POSIX_PTHREAD_SEMANTICS 1
| #define _TANDEM_SOURCE 1
| #define HAVE_DLFCN_H 1
| /* end confdefs.h.  */
| #include <stdlib.h>
| #include <iconv.h>
| int
| main ()
| {
| iconv_t cd = iconv_open("","");
|        iconv(cd,NULL,NULL,NULL,NULL);
|        iconv_close(cd);
|   ;
|   return 0;
| }
configure:22161: /home/android/bin/agcc -o conftest -g -O2   conftest.c  -liconv >&5
conftest.c:27:19: error: iconv.h: No such file or directory
conftest.c: In function 'main':
conftest.c:31: error: 'iconv_t' undeclared (first use in this function)
conftest.c:31: error: (Each undeclared identifier is reported only once
conftest.c:31: error: for each function it appears in.)
conftest.c:31: error: expected ';' before 'cd'
conftest.c:32: error: 'cd' undeclared (first use in this function)
configure:22168: $? = 1
configure: failed program was:
| /* confdefs.h.  */
| #define PACKAGE_NAME "libgpg-error"
| #define PACKAGE_TARNAME "libgpg-error"
| #define PACKAGE_VERSION "1.7"
| #define PACKAGE_STRING "libgpg-error 1.7"
| #define PACKAGE_BUGREPORT "bug-gnupg@gnupg.org"
| #define PACKAGE "libgpg-error"
| #define VERSION "1.7"
| #define STDC_HEADERS 1
| #define HAVE_SYS_TYPES_H 1
| #define HAVE_SYS_STAT_H 1
| #define HAVE_STDLIB_H 1
| #define HAVE_STRING_H 1
| #define HAVE_MEMORY_H 1
| #define HAVE_STRINGS_H 1
| #define HAVE_INTTYPES_H 1
| #define HAVE_STDINT_H 1
| #define HAVE_UNISTD_H 1
| #define __EXTENSIONS__ 1
| #define _ALL_SOURCE 1
| #define _GNU_SOURCE 1
| #define _POSIX_PTHREAD_SEMANTICS 1
| #define _TANDEM_SOURCE 1
| #define HAVE_DLFCN_H 1
| /* end confdefs.h.  */
| #include <stdlib.h>
| #include <iconv.h>
| int
| main ()
| {
| iconv_t cd = iconv_open("","");
|          iconv(cd,NULL,NULL,NULL,NULL);
|          iconv_close(cd);
|   ;
|   return 0;
| }
configure:22192: result: no, consider installing GNU libiconv
configure:22594: checking for GNU gettext in libintl
configure:22631: /home/android/bin/agcc -o conftest -g -O2    conftest.c  -lintl >&5
conftest.c:26:21: error: libintl.h: No such file or directory
conftest.c: In function 'main':
conftest.c:37: warning: incompatible implicit declaration of built-in function 'gettext'
configure:22638: $? = 1
configure: failed program was:
| /* confdefs.h.  */
| #define PACKAGE_NAME "libgpg-error"
| #define PACKAGE_TARNAME "libgpg-error"
| #define PACKAGE_VERSION "1.7"
| #define PACKAGE_STRING "libgpg-error 1.7"
| #define PACKAGE_BUGREPORT "bug-gnupg@gnupg.org"
| #define PACKAGE "libgpg-error"
| #define VERSION "1.7"
| #define STDC_HEADERS 1
| #define HAVE_SYS_TYPES_H 1
| #define HAVE_SYS_STAT_H 1
| #define HAVE_STDLIB_H 1
| #define HAVE_STRING_H 1
| #define HAVE_MEMORY_H 1
| #define HAVE_STRINGS_H 1
| #define HAVE_INTTYPES_H 1
| #define HAVE_STDINT_H 1
| #define HAVE_UNISTD_H 1
| #define __EXTENSIONS__ 1
| #define _ALL_SOURCE 1
| #define _GNU_SOURCE 1
| #define _POSIX_PTHREAD_SEMANTICS 1
| #define _TANDEM_SOURCE 1
| #define HAVE_DLFCN_H 1
| /* end confdefs.h.  */
| #include <libintl.h>
| extern int _nl_msg_cat_cntr;
| extern
| #ifdef __cplusplus
| "C"
| #endif
| const char *_nl_expand_alias (const char *);
| int
| main ()
| {
| bindtextdomain ("", "");
| return * gettext ("") + _nl_msg_cat_cntr + *_nl_expand_alias ("")
|   ;
|   return 0;
| }
configure:22720: result: no
configure:22757: checking whether to use NLS
configure:22759: result: no
configure:22836: checking for ANSI C header files
configure:23004: result: yes
configure:23020: checking for stdlib.h
configure:23027: result: yes
configure:23031: checking locale.h usability
configure:23048: /home/android/bin/agcc -c -g -O2  conftest.c >&5
configure:23055: $? = 0
configure:23069: result: yes
configure:23073: checking locale.h presence
configure:23088: /home/android/bin/agcc -E  conftest.c
configure:23095: $? = 0
configure:23109: result: yes
configure:23142: checking for locale.h
configure:23151: result: yes
configure:23166: checking whether strerror_r is declared
configure:23195: /home/android/bin/agcc -c -g -O2  conftest.c >&5
configure:23202: $? = 0
configure:23217: result: yes
configure:23239: checking for strerror_r
configure:23295: /home/android/bin/agcc -o conftest -g -O2   conftest.c  >&5
configure:23302: $? = 0
configure:23324: result: yes
configure:23336: checking whether strerror_r returns char *
configure:23370: /home/android/bin/agcc -c -g -O2  conftest.c >&5
conftest.c: In function 'main':
conftest.c:69: error: invalid type argument of 'unary *' (have 'int')
conftest.c:70: warning: initialization makes pointer from integer without a cast
configure:23377: $? = 1
configure: failed program was:
| /* confdefs.h.  */
| #define PACKAGE_NAME "libgpg-error"
| #define PACKAGE_TARNAME "libgpg-error"
| #define PACKAGE_VERSION "1.7"
| #define PACKAGE_STRING "libgpg-error 1.7"
| #define PACKAGE_BUGREPORT "bug-gnupg@gnupg.org"
| #define PACKAGE "libgpg-error"
| #define VERSION "1.7"
| #define STDC_HEADERS 1
| #define HAVE_SYS_TYPES_H 1
| #define HAVE_SYS_STAT_H 1
| #define HAVE_STDLIB_H 1
| #define HAVE_STRING_H 1
| #define HAVE_MEMORY_H 1
| #define HAVE_STRINGS_H 1
| #define HAVE_INTTYPES_H 1
| #define HAVE_STDINT_H 1
| #define HAVE_UNISTD_H 1
| #define __EXTENSIONS__ 1
| #define _ALL_SOURCE 1
| #define _GNU_SOURCE 1
| #define _POSIX_PTHREAD_SEMANTICS 1
| #define _TANDEM_SOURCE 1
| #define HAVE_DLFCN_H 1
| #define STDC_HEADERS 1
| #define HAVE_STDLIB_H 1
| #define HAVE_LOCALE_H 1
| #define HAVE_DECL_STRERROR_R 1
| #define HAVE_STRERROR_R 1
| /* end confdefs.h.  */
| #include <stdio.h>
| #ifdef HAVE_SYS_TYPES_H
| # include <sys/types.h>
| #endif
| #ifdef HAVE_SYS_STAT_H
| # include <sys/stat.h>
| #endif
| #ifdef STDC_HEADERS
| # include <stdlib.h>
| # include <stddef.h>
| #else
| # ifdef HAVE_STDLIB_H
| #  include <stdlib.h>
| # endif
| #endif
| #ifdef HAVE_STRING_H
| # if !defined STDC_HEADERS && defined HAVE_MEMORY_H
| #  include <memory.h>
| # endif
| # include <string.h>
| #endif
| #ifdef HAVE_STRINGS_H
| # include <strings.h>
| #endif
| #ifdef HAVE_INTTYPES_H
| # include <inttypes.h>
| #endif
| #ifdef HAVE_STDINT_H
| # include <stdint.h>
| #endif
| #ifdef HAVE_UNISTD_H
| # include <unistd.h>
| #endif
| int
| main ()
| {
| 
| 	  char buf[100];
| 	  char x = *strerror_r (0, buf, sizeof buf);
| 	  char *p = strerror_r (0, buf, sizeof buf);
| 	  return !p || x;
| 
|   ;
|   return 0;
| }
configure:23456: result: no
configure:23472: checking for strerror_r
configure:23555: result: yes
configure:23568: checking for an ANSI C-conforming const
configure:23643: /home/android/bin/agcc -c -g -O2  conftest.c >&5
configure:23650: $? = 0
configure:23665: result: yes
configure:23886: creating ./config.status

## ---------------- ##
## Cache variables. ##
## ---------------- ##

ac_cv_build=x86_64-unknown-linux-gnu
ac_cv_c_compiler_gnu=yes
ac_cv_c_const=yes
ac_cv_cxx_compiler_gnu=yes
ac_cv_env_CCC_set=
ac_cv_env_CCC_value=
ac_cv_env_CC_FOR_BUILD_set=
ac_cv_env_CC_FOR_BUILD_value=
ac_cv_env_CC_set=set
ac_cv_env_CC_value=/home/android/bin/agcc
ac_cv_env_CFLAGS_set=
ac_cv_env_CFLAGS_value=
ac_cv_env_CPPFLAGS_set=
ac_cv_env_CPPFLAGS_value=
ac_cv_env_CPP_set=
ac_cv_env_CPP_value=
ac_cv_env_CXXCPP_set=
ac_cv_env_CXXCPP_value=
ac_cv_env_CXXFLAGS_set=
ac_cv_env_CXXFLAGS_value=
ac_cv_env_CXX_set=
ac_cv_env_CXX_value=
ac_cv_env_F77_set=
ac_cv_env_F77_value=
ac_cv_env_FFLAGS_set=
ac_cv_env_FFLAGS_value=
ac_cv_env_LDFLAGS_set=
ac_cv_env_LDFLAGS_value=
ac_cv_env_LIBS_set=
ac_cv_env_LIBS_value=
ac_cv_env_build_alias_set=
ac_cv_env_build_alias_value=
ac_cv_env_host_alias_set=set
ac_cv_env_host_alias_value=arm-eabi
ac_cv_env_target_alias_set=
ac_cv_env_target_alias_value=
ac_cv_f77_compiler_gnu=yes
ac_cv_func_strerror_r=yes
ac_cv_func_strerror_r_char_p=no
ac_cv_have_decl_strerror_r=yes
ac_cv_header_dlfcn_h=yes
ac_cv_header_inttypes_h=yes
ac_cv_header_locale_h=yes
ac_cv_header_memory_h=yes
ac_cv_header_minix_config_h=no
ac_cv_header_stdc=yes
ac_cv_header_stdint_h=yes
ac_cv_header_stdlib_h=yes
ac_cv_header_string_h=yes
ac_cv_header_strings_h=yes
ac_cv_header_sys_stat_h=yes
ac_cv_header_sys_types_h=yes
ac_cv_header_unistd_h=yes
ac_cv_host=arm-unknown-eabi
ac_cv_objext=o
ac_cv_path_EGREP='/bin/grep -E'
ac_cv_path_GMSGFMT=/usr/bin/msgfmt
ac_cv_path_GREP=/bin/grep
ac_cv_path_MSGFMT=/usr/bin/msgfmt
ac_cv_path_MSGMERGE=/usr/bin/msgmerge
ac_cv_path_XGETTEXT=/usr/bin/xgettext
ac_cv_path_install='/usr/bin/install -c'
ac_cv_path_mkdir=/bin/mkdir
ac_cv_prog_AR=arm-eabi-ar
ac_cv_prog_AWK=gawk
ac_cv_prog_CC=/home/android/bin/agcc
ac_cv_prog_CPP='/home/android/bin/agcc -E'
ac_cv_prog_CXX=arm-eabi-g++
ac_cv_prog_CXXCPP='arm-eabi-g++ -E'
ac_cv_prog_RANLIB=arm-eabi-ranlib
ac_cv_prog_STRIP=arm-eabi-strip
ac_cv_prog_ac_ct_F77=g77
ac_cv_prog_cc__home_android_bin_agcc_c_o=yes
ac_cv_prog_cc_c89=
ac_cv_prog_cc_g=yes
ac_cv_prog_cxx_g=yes
ac_cv_prog_f77_g=yes
ac_cv_prog_make_make_set=yes
ac_cv_safe_to_define___extensions__=yes
acl_cv_hardcode_direct=no
acl_cv_hardcode_libdir_flag_spec='${wl}-rpath ${wl}$libdir'
acl_cv_hardcode_libdir_separator=
acl_cv_hardcode_minus_L=no
acl_cv_libext=a
acl_cv_path_LD=/home/android/mydroid2/prebuilt/linux-x86/toolchain/arm-eabi-4.3.1/arm-eabi/bin/ld
acl_cv_prog_gnu_ld=yes
acl_cv_rpath=done
acl_cv_shlibext=so
acl_cv_wl=-Wl,
am_cv_CC_dependencies_compiler_type=gcc3
am_cv_CXX_dependencies_compiler_type=gcc3
am_cv_func_iconv='no, consider installing GNU libiconv'
am_cv_lib_iconv=no
gt_cv_func_CFLocaleCopyCurrent=no
gt_cv_func_CFPreferencesCopyAppValue=no
gt_cv_func_gnugettext1_libc=no
gt_cv_func_gnugettext1_libintl=no
lt_cv_deplibs_check_method=unknown
lt_cv_file_magic_cmd='$MAGIC_CMD'
lt_cv_file_magic_test_file=
lt_cv_ld_reload_flag=-r
lt_cv_objdir=.libs
lt_cv_path_LD=/home/android/mydroid2/prebuilt/linux-x86/toolchain/arm-eabi-4.3.1/arm-eabi/bin/ld
lt_cv_path_LDCXX=/home/android/mydroid2/prebuilt/linux-x86/toolchain/arm-eabi-4.3.1/arm-eabi/bin/ld
lt_cv_path_NM='/home/android/mydroid2/prebuilt/linux-x86/toolchain/arm-eabi-4.3.1/bin//arm-eabi-nm -B'
lt_cv_path_SED=/bin/sed
lt_cv_prog_compiler_c_o=yes
lt_cv_prog_compiler_c_o_CXX=yes
lt_cv_prog_compiler_c_o_F77=yes
lt_cv_prog_compiler_c_o_RC=yes
lt_cv_prog_compiler_rtti_exceptions=no
lt_cv_prog_gnu_ld=yes
lt_cv_prog_gnu_ldcxx=yes
lt_cv_sys_global_symbol_pipe='sed -n -e '\''s/^.*[ 	]\([ABCDGIRSTW][ABCDGIRSTW]*\)[ 	][ 	]*\(\)\([_A-Za-z][_A-Za-z0-9]*\)$/\1 \2\3 \3/p'\'''
lt_cv_sys_global_symbol_to_c_name_address='sed -n -e '\''s/^: \([^ ]*\) $/  {\"\1\", (lt_ptr) 0},/p'\'' -e '\''s/^[BCDEGRST] \([^ ]*\) \([^ ]*\)$/  {"\2", (lt_ptr) \&\2},/p'\'''
lt_cv_sys_global_symbol_to_cdecl='sed -n -e '\''s/^. .* \(.*\)$/extern int \1;/p'\'''
lt_cv_sys_max_cmd_len=32768
lt_lt_cv_prog_compiler_c_o='"yes"'
lt_lt_cv_prog_compiler_c_o_CXX='"yes"'
lt_lt_cv_prog_compiler_c_o_F77='"yes"'
lt_lt_cv_prog_compiler_c_o_RC='"yes"'
lt_lt_cv_sys_global_symbol_pipe='"sed -n -e '\''s/^.*[ 	]\\([ABCDGIRSTW][ABCDGIRSTW]*\\)[ 	][ 	]*\\(\\)\\([_A-Za-z][_A-Za-z0-9]*\\)\$/\\1 \\2\\3 \\3/p'\''"'
lt_lt_cv_sys_global_symbol_to_c_name_address='"sed -n -e '\''s/^: \\([^ ]*\\) \$/  {\\\"\\1\\\", (lt_ptr) 0},/p'\'' -e '\''s/^[BCDEGRST] \\([^ ]*\\) \\([^ ]*\\)\$/  {\"\\2\", (lt_ptr) \\&\\2},/p'\''"'
lt_lt_cv_sys_global_symbol_to_cdecl='"sed -n -e '\''s/^. .* \\(.*\\)\$/extern int \\1;/p'\''"'

## ----------------- ##
## Output variables. ##
## ----------------- ##

ACLOCAL='${SHELL} /home/android/mydroid2/external/libgpg-error-1.7/missing --run aclocal-1.10'
AMDEPBACKSLASH='\'
AMDEP_FALSE='#'
AMDEP_TRUE=''
AMTAR='${SHELL} /home/android/mydroid2/external/libgpg-error-1.7/missing --run tar'
AR='arm-eabi-ar'
AS='as'
AUTOCONF='${SHELL} /home/android/mydroid2/external/libgpg-error-1.7/missing --run autoconf'
AUTOHEADER='${SHELL} /home/android/mydroid2/external/libgpg-error-1.7/missing --run autoheader'
AUTOMAKE='${SHELL} /home/android/mydroid2/external/libgpg-error-1.7/missing --run automake-1.10'
AWK='gawk'
BUILD_FILEVERSION=''
BUILD_TIMESTAMP=''
CC='/home/android/bin/agcc'
CCDEPMODE='depmode=gcc3'
CC_FOR_BUILD='cc'
CFLAGS='-g -O2'
CPP='/home/android/bin/agcc -E'
CPPFLAGS=''
CXX='arm-eabi-g++'
CXXCPP='arm-eabi-g++ -E'
CXXDEPMODE='depmode=gcc3'
CXXFLAGS='-g -O2'
CYGPATH_W='echo'
DEFS='-DHAVE_CONFIG_H'
DEPDIR='.deps'
DLLTOOL='dlltool'
ECHO='echo'
ECHO_C=''
ECHO_N='-n'
ECHO_T=''
EGREP='/bin/grep -E'
EXEEXT=''
F77='g77'
FFLAGS='-g -O2'
GMSGFMT='/usr/bin/msgfmt'
GMSGFMT_015='/usr/bin/msgfmt'
GPG_ERROR_CONFIG_CFLAGS=''
GPG_ERROR_CONFIG_LIBS='-lgpg-error'
GREP='/bin/grep'
HAVE_W32_SYSTEM_FALSE=''
HAVE_W32_SYSTEM_TRUE='#'
INSTALL_DATA='${INSTALL} -m 644'
INSTALL_PROGRAM='${INSTALL}'
INSTALL_SCRIPT='${INSTALL}'
INSTALL_STRIP_PROGRAM='$(install_sh) -c -s'
INTLLIBS=''
INTL_MACOSX_LIBS=''
LANGUAGES_SOME_FALSE='#'
LANGUAGES_SOME_TRUE=''
LDFLAGS=''
LIBGPG_ERROR_LT_AGE='5'
LIBGPG_ERROR_LT_CURRENT='5'
LIBGPG_ERROR_LT_REVISION='0'
LIBICONV=''
LIBINTL=''
LIBOBJS=''
LIBS=''
LIBTOOL='$(SHELL) $(top_builddir)/libtool'
LN_S='ln -s'
LTLIBICONV=''
LTLIBINTL=''
LTLIBOBJS=''
MAINT=''
MAINTAINER_MODE_FALSE='#'
MAINTAINER_MODE_TRUE=''
MAKEINFO='${SHELL} /home/android/mydroid2/external/libgpg-error-1.7/missing --run makeinfo'
MKDIR_P='/bin/mkdir -p'
MSGFMT='/usr/bin/msgfmt'
MSGFMT_015='/usr/bin/msgfmt'
MSGMERGE='/usr/bin/msgmerge'
OBJDUMP='objdump'
OBJEXT='o'
PACKAGE='libgpg-error'
PACKAGE_BUGREPORT='bug-gnupg@gnupg.org'
PACKAGE_NAME='libgpg-error'
PACKAGE_STRING='libgpg-error 1.7'
PACKAGE_TARNAME='libgpg-error'
PACKAGE_VERSION='1.7'
PATH_SEPARATOR=':'
POSUB=''
RANLIB='arm-eabi-ranlib'
RC='no'
SET_MAKE=''
SHELL='/bin/sh'
STRIP='arm-eabi-strip'
USE_NLS='no'
VERSION='1.7'
XGETTEXT='/usr/bin/xgettext'
XGETTEXT_015='/usr/bin/xgettext'
ac_ct_CC=''
ac_ct_CXX=''
ac_ct_F77='g77'
am__fastdepCC_FALSE='#'
am__fastdepCC_TRUE=''
am__fastdepCXX_FALSE='#'
am__fastdepCXX_TRUE=''
am__include='include'
am__isrc=''
am__leading_dot='.'
am__quote=''
am__tar='${AMTAR} chof - "$$tardir"'
am__untar='${AMTAR} xf -'
bindir='${exec_prefix}/bin'
build='x86_64-unknown-linux-gnu'
build_alias=''
build_cpu='x86_64'
build_os='linux-gnu'
build_vendor='unknown'
datadir='${datarootdir}'
datarootdir='${prefix}/share'
docdir='${datarootdir}/doc/${PACKAGE_TARNAME}'
dvidir='${docdir}'
exec_prefix='${prefix}'
host='arm-unknown-eabi'
host_alias='arm-eabi'
host_cpu='arm'
host_os='eabi'
host_vendor='unknown'
htmldir='${docdir}'
includedir='${prefix}/include'
infodir='${datarootdir}/info'
install_sh='$(SHELL) /home/android/mydroid2/external/libgpg-error-1.7/install-sh'
libdir='${exec_prefix}/lib'
libexecdir='${exec_prefix}/libexec'
localedir='${datarootdir}/locale'
localstatedir='${prefix}/var'
mandir='${datarootdir}/man'
mkdir_p='/bin/mkdir -p'
oldincludedir='/usr/include'
pdfdir='${docdir}'
prefix='/usr/local'
program_transform_name='s,x,x,'
psdir='${docdir}'
sbindir='${exec_prefix}/sbin'
sharedstatedir='${prefix}/com'
sysconfdir='${prefix}/etc'
target_alias=''

## ----------- ##
## confdefs.h. ##
## ----------- ##

#define PACKAGE_NAME "libgpg-error"
#define PACKAGE_TARNAME "libgpg-error"
#define PACKAGE_VERSION "1.7"
#define PACKAGE_STRING "libgpg-error 1.7"
#define PACKAGE_BUGREPORT "bug-gnupg@gnupg.org"
#define PACKAGE "libgpg-error"
#define VERSION "1.7"
#define STDC_HEADERS 1
#define HAVE_SYS_TYPES_H 1
#define HAVE_SYS_STAT_H 1
#define HAVE_STDLIB_H 1
#define HAVE_STRING_H 1
#define HAVE_MEMORY_H 1
#define HAVE_STRINGS_H 1
#define HAVE_INTTYPES_H 1
#define HAVE_STDINT_H 1
#define HAVE_UNISTD_H 1
#define __EXTENSIONS__ 1
#define _ALL_SOURCE 1
#define _GNU_SOURCE 1
#define _POSIX_PTHREAD_SEMANTICS 1
#define _TANDEM_SOURCE 1
#define HAVE_DLFCN_H 1
#define STDC_HEADERS 1
#define HAVE_STDLIB_H 1
#define HAVE_LOCALE_H 1
#define HAVE_DECL_STRERROR_R 1
#define HAVE_STRERROR_R 1

configure: exit 0

## ---------------------- ##
## Running config.status. ##
## ---------------------- ##

This file was extended by libgpg-error config.status 1.7, which was
generated by GNU Autoconf 2.63.  Invocation command line was

  CONFIG_FILES    = 
  CONFIG_HEADERS  = 
  CONFIG_LINKS    = 
  CONFIG_COMMANDS = 
  $ ./config.status 

on raized

config.status:854: creating src/gpg-error-config
config.status:854: creating Makefile
config.status:854: creating po/Makefile.in
config.status:854: creating m4/Makefile
config.status:854: creating src/Makefile
config.status:854: creating tests/Makefile
config.status:854: creating lang/Makefile
config.status:854: creating lang/cl/Makefile
config.status:854: creating lang/cl/gpg-error.asd
config.status:854: creating src/versioninfo.rc
config.status:854: creating config.h
config.status:1076: config.h is unchanged
config.status:1128: executing depfiles commands
config.status:1128: executing po-directories commands

## ---------------------- ##
## Running config.status. ##
## ---------------------- ##

This file was extended by libgpg-error config.status 1.7, which was
generated by GNU Autoconf 2.63.  Invocation command line was

  CONFIG_FILES    = 
  CONFIG_HEADERS  = 
  CONFIG_LINKS    = 
  CONFIG_COMMANDS = 
  $ ./config.status config.h

on raized

config.status:854: creating config.h
config.status:1076: config.h is unchanged
