This file contains any messages produced by compilers while
running configure, to aid debugging if configure makes a mistake.

It was created by arp-scan configure 1.8, which was
generated by GNU Autoconf 2.61.  Invocation command line was

  $ ./configure 

## --------- ##
## Platform. ##
## --------- ##

hostname = Air.local
uname -m = x86_64
uname -r = 12.2.0
uname -s = Darwin
uname -v = Darwin Kernel Version 12.2.0: Sat Aug 25 00:48:52 PDT 2012; root:xnu-2050.18.24~1/RELEASE_X86_64

/usr/bin/uname -p = i386
/bin/uname -X     = unknown

/bin/arch              = unknown
/usr/bin/arch -k       = unknown
/usr/convex/getsysinfo = unknown
/usr/bin/hostinfo      = Mach kernel version:
	 Darwin Kernel Version 12.2.0: Sat Aug 25 00:48:52 PDT 2012; root:xnu-2050.18.24~1/RELEASE_X86_64
Kernel configured for up to 4 processors.
2 processors are physically available.
4 processors are logically available.
Processor type: i486 (Intel 80486)
Processors active: 0 1 2 3
Primary memory available: 4.00 gigabytes
Default processor set: 142 tasks, 818 threads, 4 processors
Load average: 2.33, Mach factor: 1.68
/bin/machine           = unknown
/usr/bin/oslevel       = unknown
/bin/universe          = unknown

PATH: /usr/local/bin/android-sdk-mac_86/tools
PATH: /opt/local/bin
PATH: /opt/local/sbin
PATH: /usr/local/git/bin
PATH: /usr/bin
PATH: /bin
PATH: /usr/sbin
PATH: /sbin
PATH: /usr/local/bin
PATH: /opt/X11/bin
PATH: /usr/local/git/bin
PATH: /usr/texbin
PATH: /Users/gnychis/Documents/ziboptsuite/scip-2.1.1/bin
PATH: /Users/gnychis/Documents/ziboptsuite/soplex-1.6.0/bin
PATH: /Users/gnychis/Documents/ziboptsuite/zimpl-3.2.0/bin
PATH: /Users/gnychis/Documents/thesis/android-wmon/core/android-sdk-macosx/platform-tools
PATH: /Users/gnychis/Documents/thesis/android-wmon/core/android-ndk-r7b-macosx


## ----------- ##
## Core tests. ##
## ----------- ##

configure:1790: checking for a BSD-compatible install
configure:1846: result: /usr/bin/install -c
configure:1857: checking whether build environment is sane
configure:1900: result: yes
configure:1928: checking for a thread-safe mkdir -p
configure:1967: result: ./install-sh -c -d
configure:1980: checking for gawk
configure:2010: result: no
configure:1980: checking for mawk
configure:2010: result: no
configure:1980: checking for nawk
configure:2010: result: no
configure:1980: checking for awk
configure:1996: found /usr/bin/awk
configure:2007: result: awk
configure:2018: checking whether make sets $(MAKE)
configure:2039: result: yes
configure:2237: checking build system type
configure:2255: result: i386-apple-darwin12.2.0
configure:2277: checking host system type
configure:2292: result: i386-apple-darwin12.2.0
configure:2363: checking for gcc
configure:2379: found /usr/bin/gcc
configure:2390: result: gcc
configure:2628: checking for C compiler version
configure:2635: gcc --version >&5
i686-apple-darwin11-llvm-gcc-4.2 (GCC) 4.2.1 (Based on Apple Inc. build 5658) (LLVM build 2336.11.00)
Copyright (C) 2007 Free Software Foundation, Inc.
This is free software; see the source for copying conditions.  There is NO
warranty; not even for MERCHANTABILITY or FITNESS FOR A PARTICULAR PURPOSE.

configure:2638: $? = 0
configure:2645: gcc -v >&5
Using built-in specs.
Target: i686-apple-darwin11
Configured with: /private/var/tmp/llvmgcc42/llvmgcc42-2336.11~28/src/configure --disable-checking --enable-werror --prefix=/Applications/Xcode.app/Contents/Developer/usr/llvm-gcc-4.2 --mandir=/share/man --enable-languages=c,objc,c++,obj-c++ --program-prefix=llvm- --program-transform-name=/^[cg][^.-]*$/s/$/-4.2/ --with-slibdir=/usr/lib --build=i686-apple-darwin11 --enable-llvm=/private/var/tmp/llvmgcc42/llvmgcc42-2336.11~28/dst-llvmCore/Developer/usr/local --program-prefix=i686-apple-darwin11- --host=x86_64-apple-darwin11 --target=i686-apple-darwin11 --with-gxx-include-dir=/usr/include/c++/4.2.1
Thread model: posix
gcc version 4.2.1 (Based on Apple Inc. build 5658) (LLVM build 2336.11.00)
configure:2648: $? = 0
configure:2655: gcc -V >&5
llvm-gcc-4.2: argument to `-V' is missing
configure:2658: $? = 1
configure:2681: checking for C compiler default output file name
configure:2708: gcc    conftest.c  >&5
configure:2711: $? = 0
configure:2749: result: a.out
configure:2766: checking whether the C compiler works
configure:2776: ./a.out
configure:2779: $? = 0
configure:2796: result: yes
configure:2803: checking whether we are cross compiling
configure:2805: result: no
configure:2808: checking for suffix of executables
configure:2815: gcc -o conftest    conftest.c  >&5
configure:2818: $? = 0
configure:2842: result: 
configure:2848: checking for suffix of object files
configure:2874: gcc -c   conftest.c >&5
configure:2877: $? = 0
configure:2900: result: o
configure:2904: checking whether we are using the GNU C compiler
configure:2933: gcc -c   conftest.c >&5
configure:2939: $? = 0
configure:2956: result: yes
configure:2961: checking whether gcc accepts -g
configure:2991: gcc -c -g  conftest.c >&5
configure:2997: $? = 0
configure:3096: result: yes
configure:3113: checking for gcc option to accept ISO C89
configure:3187: gcc  -c -g -O2  conftest.c >&5
configure:3193: $? = 0
configure:3216: result: none needed
configure:3245: checking for style of include used by make
configure:3273: result: GNU
configure:3298: checking dependency style of gcc
configure:3389: result: gcc3
configure:3415: checking whether gcc accepts -Wextra
configure:3440: gcc -c -g -O2 -Wall -Wshadow -Wwrite-strings -Wextra  conftest.c >&5
configure:3446: $? = 0
configure:3452: result: yes
configure:3473: checking whether gcc accepts -fstack-protector
configure:3498: gcc -c -g -O2 -Wall -Wshadow -Wwrite-strings -Wextra -fstack-protector  conftest.c >&5
configure:3504: $? = 0
configure:3532: checking whether gcc accepts -D_FORTIFY_SOURCE
configure:3565: gcc -c -g -O2 -Wall -Wshadow -Wwrite-strings -Wextra -fstack-protector  conftest.c >&5
configure:3571: $? = 0
configure:3577: result: yes
configure:3596: checking whether gcc accepts -Wformat-security
configure:3625: gcc -c -g -O2 -Wall -Wshadow -Wwrite-strings -Wextra -fstack-protector -D_FORTIFY_SOURCE=2 -Wall -Werror -Wformat -Wformat-security  conftest.c >&5
cc1: warnings being treated as errors
conftest.c: In function 'main':
conftest.c:18: warning: format not a string literal and no format arguments
conftest.c:18: warning: format not a string literal and no format arguments
configure:3631: $? = 1
configure: failed program was:
| /* confdefs.h.  */
| #define PACKAGE_NAME "arp-scan"
| #define PACKAGE_TARNAME "arp-scan"
| #define PACKAGE_VERSION "1.8"
| #define PACKAGE_STRING "arp-scan 1.8"
| #define PACKAGE_BUGREPORT "arp-scan@nta-monitor.com"
| #define PACKAGE "arp-scan"
| #define VERSION "1.8"
| #define ATTRIBUTE_UNUSED __attribute__ ((__unused__))
| #define ENABLE_SSP_CC 1
| /* end confdefs.h.  */
| #include <stdio.h>
| int
| main ()
| {
| 
|          char *fmt=NULL;
|          printf(fmt);
|          return 0;
| 
|   ;
|   return 0;
| }
configure:3646: result: yes
configure:3675: checking for a BSD-compatible install
configure:3731: result: /usr/bin/install -c
configure:3742: checking whether ln -s works
configure:3746: result: yes
configure:3754: checking for library containing gethostbyname
configure:3795: gcc -o conftest -g -O2 -Wall -Wshadow -Wwrite-strings -Wextra -fstack-protector -D_FORTIFY_SOURCE=2 -Wformat -Wformat-security   conftest.c  >&5
configure:3801: $? = 0
configure:3829: result: none required
configure:3837: checking for library containing socket
configure:3878: gcc -o conftest -g -O2 -Wall -Wshadow -Wwrite-strings -Wextra -fstack-protector -D_FORTIFY_SOURCE=2 -Wformat -Wformat-security   conftest.c  >&5
configure:3884: $? = 0
configure:3912: result: none required
configure:3920: checking for library containing pcap_open_live
configure:3961: gcc -o conftest -g -O2 -Wall -Wshadow -Wwrite-strings -Wextra -fstack-protector -D_FORTIFY_SOURCE=2 -Wformat -Wformat-security   conftest.c  >&5
Undefined symbols for architecture x86_64:
  "_pcap_open_live", referenced from:
      _main in ccpBlk1B.o
ld: symbol(s) not found for architecture x86_64
collect2: ld returned 1 exit status
configure:3967: $? = 1
configure: failed program was:
| /* confdefs.h.  */
| #define PACKAGE_NAME "arp-scan"
| #define PACKAGE_TARNAME "arp-scan"
| #define PACKAGE_VERSION "1.8"
| #define PACKAGE_STRING "arp-scan 1.8"
| #define PACKAGE_BUGREPORT "arp-scan@nta-monitor.com"
| #define PACKAGE "arp-scan"
| #define VERSION "1.8"
| #define ATTRIBUTE_UNUSED __attribute__ ((__unused__))
| #define ENABLE_SSP_CC 1
| /* end confdefs.h.  */
| 
| /* Override any GCC internal prototype to avoid an error.
|    Use char because int might match the return type of a GCC
|    builtin and then its argument prototype would still apply.  */
| #ifdef __cplusplus
| extern "C"
| #endif
| char pcap_open_live ();
| int
| main ()
| {
| return pcap_open_live ();
|   ;
|   return 0;
| }
configure:3961: gcc -o conftest -g -O2 -Wall -Wshadow -Wwrite-strings -Wextra -fstack-protector -D_FORTIFY_SOURCE=2 -Wformat -Wformat-security   conftest.c -lpcap   >&5
configure:3967: $? = 0
configure:3995: result: -lpcap
configure:4012: checking for a compatible pcap library
configure:4042: gcc -o conftest -g -O2 -Wall -Wshadow -Wwrite-strings -Wextra -fstack-protector -D_FORTIFY_SOURCE=2 -Wformat -Wformat-security   conftest.c -lpcap  >&5
configure:4048: $? = 0
configure:4054: result: yes
configure:4079: checking how to run the C preprocessor
configure:4119: gcc -E  conftest.c
configure:4125: $? = 0
configure:4156: gcc -E  conftest.c
conftest.c:12:28: error: ac_nonexistent.h: No such file or directory
configure:4162: $? = 1
configure: failed program was:
| /* confdefs.h.  */
| #define PACKAGE_NAME "arp-scan"
| #define PACKAGE_TARNAME "arp-scan"
| #define PACKAGE_VERSION "1.8"
| #define PACKAGE_STRING "arp-scan 1.8"
| #define PACKAGE_BUGREPORT "arp-scan@nta-monitor.com"
| #define PACKAGE "arp-scan"
| #define VERSION "1.8"
| #define ATTRIBUTE_UNUSED __attribute__ ((__unused__))
| #define ENABLE_SSP_CC 1
| /* end confdefs.h.  */
| #include <ac_nonexistent.h>
configure:4195: result: gcc -E
configure:4224: gcc -E  conftest.c
configure:4230: $? = 0
configure:4261: gcc -E  conftest.c
conftest.c:12:28: error: ac_nonexistent.h: No such file or directory
configure:4267: $? = 1
configure: failed program was:
| /* confdefs.h.  */
| #define PACKAGE_NAME "arp-scan"
| #define PACKAGE_TARNAME "arp-scan"
| #define PACKAGE_VERSION "1.8"
| #define PACKAGE_STRING "arp-scan 1.8"
| #define PACKAGE_BUGREPORT "arp-scan@nta-monitor.com"
| #define PACKAGE "arp-scan"
| #define VERSION "1.8"
| #define ATTRIBUTE_UNUSED __attribute__ ((__unused__))
| #define ENABLE_SSP_CC 1
| /* end confdefs.h.  */
| #include <ac_nonexistent.h>
configure:4305: checking for grep that handles long lines and -e
configure:4379: result: /usr/bin/grep
configure:4384: checking for egrep
configure:4462: result: /usr/bin/grep -E
configure:4467: checking for ANSI C header files
configure:4497: gcc -c -g -O2 -Wall -Wshadow -Wwrite-strings -Wextra -fstack-protector -D_FORTIFY_SOURCE=2 -Wformat -Wformat-security  conftest.c >&5
configure:4503: $? = 0
configure:4602: gcc -o conftest -g -O2 -Wall -Wshadow -Wwrite-strings -Wextra -fstack-protector -D_FORTIFY_SOURCE=2 -Wformat -Wformat-security   conftest.c -lpcap  >&5
configure:4605: $? = 0
configure:4611: ./conftest
configure:4614: $? = 0
configure:4631: result: yes
configure:4655: checking for sys/types.h
configure:4676: gcc -c -g -O2 -Wall -Wshadow -Wwrite-strings -Wextra -fstack-protector -D_FORTIFY_SOURCE=2 -Wformat -Wformat-security  conftest.c >&5
configure:4682: $? = 0
configure:4698: result: yes
configure:4655: checking for sys/stat.h
configure:4676: gcc -c -g -O2 -Wall -Wshadow -Wwrite-strings -Wextra -fstack-protector -D_FORTIFY_SOURCE=2 -Wformat -Wformat-security  conftest.c >&5
configure:4682: $? = 0
configure:4698: result: yes
configure:4655: checking for stdlib.h
configure:4676: gcc -c -g -O2 -Wall -Wshadow -Wwrite-strings -Wextra -fstack-protector -D_FORTIFY_SOURCE=2 -Wformat -Wformat-security  conftest.c >&5
configure:4682: $? = 0
configure:4698: result: yes
configure:4655: checking for string.h
configure:4676: gcc -c -g -O2 -Wall -Wshadow -Wwrite-strings -Wextra -fstack-protector -D_FORTIFY_SOURCE=2 -Wformat -Wformat-security  conftest.c >&5
configure:4682: $? = 0
configure:4698: result: yes
configure:4655: checking for memory.h
configure:4676: gcc -c -g -O2 -Wall -Wshadow -Wwrite-strings -Wextra -fstack-protector -D_FORTIFY_SOURCE=2 -Wformat -Wformat-security  conftest.c >&5
configure:4682: $? = 0
configure:4698: result: yes
configure:4655: checking for strings.h
configure:4676: gcc -c -g -O2 -Wall -Wshadow -Wwrite-strings -Wextra -fstack-protector -D_FORTIFY_SOURCE=2 -Wformat -Wformat-security  conftest.c >&5
configure:4682: $? = 0
configure:4698: result: yes
configure:4655: checking for inttypes.h
configure:4676: gcc -c -g -O2 -Wall -Wshadow -Wwrite-strings -Wextra -fstack-protector -D_FORTIFY_SOURCE=2 -Wformat -Wformat-security  conftest.c >&5
configure:4682: $? = 0
configure:4698: result: yes
configure:4655: checking for stdint.h
configure:4676: gcc -c -g -O2 -Wall -Wshadow -Wwrite-strings -Wextra -fstack-protector -D_FORTIFY_SOURCE=2 -Wformat -Wformat-security  conftest.c >&5
configure:4682: $? = 0
configure:4698: result: yes
configure:4655: checking for unistd.h
configure:4676: gcc -c -g -O2 -Wall -Wshadow -Wwrite-strings -Wextra -fstack-protector -D_FORTIFY_SOURCE=2 -Wformat -Wformat-security  conftest.c >&5
configure:4682: $? = 0
configure:4698: result: yes
configure:4735: checking arpa/inet.h usability
configure:4752: gcc -c -g -O2 -Wall -Wshadow -Wwrite-strings -Wextra -fstack-protector -D_FORTIFY_SOURCE=2 -Wformat -Wformat-security  conftest.c >&5
configure:4758: $? = 0
configure:4772: result: yes
configure:4776: checking arpa/inet.h presence
configure:4791: gcc -E  conftest.c
configure:4797: $? = 0
configure:4811: result: yes
configure:4844: checking for arpa/inet.h
configure:4852: result: yes
configure:4735: checking netdb.h usability
configure:4752: gcc -c -g -O2 -Wall -Wshadow -Wwrite-strings -Wextra -fstack-protector -D_FORTIFY_SOURCE=2 -Wformat -Wformat-security  conftest.c >&5
configure:4758: $? = 0
configure:4772: result: yes
configure:4776: checking netdb.h presence
configure:4791: gcc -E  conftest.c
configure:4797: $? = 0
configure:4811: result: yes
configure:4844: checking for netdb.h
configure:4852: result: yes
configure:4735: checking netinet/in.h usability
configure:4752: gcc -c -g -O2 -Wall -Wshadow -Wwrite-strings -Wextra -fstack-protector -D_FORTIFY_SOURCE=2 -Wformat -Wformat-security  conftest.c >&5
configure:4758: $? = 0
configure:4772: result: yes
configure:4776: checking netinet/in.h presence
configure:4791: gcc -E  conftest.c
configure:4797: $? = 0
configure:4811: result: yes
configure:4844: checking for netinet/in.h
configure:4852: result: yes
configure:4735: checking sys/socket.h usability
configure:4752: gcc -c -g -O2 -Wall -Wshadow -Wwrite-strings -Wextra -fstack-protector -D_FORTIFY_SOURCE=2 -Wformat -Wformat-security  conftest.c >&5
configure:4758: $? = 0
configure:4772: result: yes
configure:4776: checking sys/socket.h presence
configure:4791: gcc -E  conftest.c
configure:4797: $? = 0
configure:4811: result: yes
configure:4844: checking for sys/socket.h
configure:4852: result: yes
configure:4735: checking sys/time.h usability
configure:4752: gcc -c -g -O2 -Wall -Wshadow -Wwrite-strings -Wextra -fstack-protector -D_FORTIFY_SOURCE=2 -Wformat -Wformat-security  conftest.c >&5
configure:4758: $? = 0
configure:4772: result: yes
configure:4776: checking sys/time.h presence
configure:4791: gcc -E  conftest.c
configure:4797: $? = 0
configure:4811: result: yes
configure:4844: checking for sys/time.h
configure:4852: result: yes
configure:4725: checking for unistd.h
configure:4731: result: yes
configure:4735: checking getopt.h usability
configure:4752: gcc -c -g -O2 -Wall -Wshadow -Wwrite-strings -Wextra -fstack-protector -D_FORTIFY_SOURCE=2 -Wformat -Wformat-security  conftest.c >&5
configure:4758: $? = 0
configure:4772: result: yes
configure:4776: checking getopt.h presence
configure:4791: gcc -E  conftest.c
configure:4797: $? = 0
configure:4811: result: yes
configure:4844: checking for getopt.h
configure:4852: result: yes
configure:4735: checking pcap.h usability
configure:4752: gcc -c -g -O2 -Wall -Wshadow -Wwrite-strings -Wextra -fstack-protector -D_FORTIFY_SOURCE=2 -Wformat -Wformat-security  conftest.c >&5
configure:4758: $? = 0
configure:4772: result: yes
configure:4776: checking pcap.h presence
configure:4791: gcc -E  conftest.c
configure:4797: $? = 0
configure:4811: result: yes
configure:4844: checking for pcap.h
configure:4852: result: yes
configure:4735: checking sys/ioctl.h usability
configure:4752: gcc -c -g -O2 -Wall -Wshadow -Wwrite-strings -Wextra -fstack-protector -D_FORTIFY_SOURCE=2 -Wformat -Wformat-security  conftest.c >&5
configure:4758: $? = 0
configure:4772: result: yes
configure:4776: checking sys/ioctl.h presence
configure:4791: gcc -E  conftest.c
configure:4797: $? = 0
configure:4811: result: yes
configure:4844: checking for sys/ioctl.h
configure:4852: result: yes
configure:4725: checking for sys/stat.h
configure:4731: result: yes
configure:4735: checking fcntl.h usability
configure:4752: gcc -c -g -O2 -Wall -Wshadow -Wwrite-strings -Wextra -fstack-protector -D_FORTIFY_SOURCE=2 -Wformat -Wformat-security  conftest.c >&5
configure:4758: $? = 0
configure:4772: result: yes
configure:4776: checking fcntl.h presence
configure:4791: gcc -E  conftest.c
configure:4797: $? = 0
configure:4811: result: yes
configure:4844: checking for fcntl.h
configure:4852: result: yes
configure:4866: checking for an ANSI C-conforming const
configure:4941: gcc -c -g -O2 -Wall -Wshadow -Wwrite-strings -Wextra -fstack-protector -D_FORTIFY_SOURCE=2 -Wformat -Wformat-security  conftest.c >&5
configure:4947: $? = 0
configure:4962: result: yes
configure:4972: checking for size_t
configure:5002: gcc -c -g -O2 -Wall -Wshadow -Wwrite-strings -Wextra -fstack-protector -D_FORTIFY_SOURCE=2 -Wformat -Wformat-security  conftest.c >&5
configure:5008: $? = 0
configure:5023: result: yes
configure:5035: checking whether time.h and sys/time.h may both be included
configure:5065: gcc -c -g -O2 -Wall -Wshadow -Wwrite-strings -Wextra -fstack-protector -D_FORTIFY_SOURCE=2 -Wformat -Wformat-security  conftest.c >&5
configure:5071: $? = 0
configure:5086: result: yes
configure:5097: checking for uint8_t using gcc
configure:5158: gcc -c -g -O2 -Wall -Wshadow -Wwrite-strings -Wextra -fstack-protector -D_FORTIFY_SOURCE=2 -Wformat -Wformat-security  conftest.c >&5
conftest.c: In function 'main':
conftest.c:73: warning: unused variable 'i'
configure:5164: $? = 0
configure:5180: result: yes
configure:5189: checking for uint16_t using gcc
configure:5250: gcc -c -g -O2 -Wall -Wshadow -Wwrite-strings -Wextra -fstack-protector -D_FORTIFY_SOURCE=2 -Wformat -Wformat-security  conftest.c >&5
conftest.c: In function 'main':
conftest.c:73: warning: unused variable 'i'
configure:5256: $? = 0
configure:5272: result: yes
configure:5281: checking for uint32_t using gcc
configure:5342: gcc -c -g -O2 -Wall -Wshadow -Wwrite-strings -Wextra -fstack-protector -D_FORTIFY_SOURCE=2 -Wformat -Wformat-security  conftest.c >&5
conftest.c: In function 'main':
conftest.c:73: warning: unused variable 'i'
configure:5348: $? = 0
configure:5364: result: yes
configure:5375: checking whether long int is 64 bits
configure:5466: gcc -o conftest -g -O2 -Wall -Wshadow -Wwrite-strings -Wextra -fstack-protector -D_FORTIFY_SOURCE=2 -Wformat -Wformat-security   conftest.c -lpcap  >&5
conftest.c:57: warning: return type defaults to 'int'
conftest.c: In function 'main':
conftest.c:58: warning: implicit declaration of function 'exit'
conftest.c:58: warning: incompatible implicit declaration of built-in function 'exit'
configure:5469: $? = 0
configure:5475: ./conftest
configure:5478: $? = 0
configure:5494: result: yes
configure:5786: checking for malloc
configure:5842: gcc -o conftest -g -O2 -Wall -Wshadow -Wwrite-strings -Wextra -fstack-protector -D_FORTIFY_SOURCE=2 -Wformat -Wformat-security   conftest.c -lpcap  >&5
conftest.c:62: warning: conflicting types for built-in function 'malloc'
configure:5848: $? = 0
configure:5866: result: yes
configure:5786: checking for gethostbyname
configure:5842: gcc -o conftest -g -O2 -Wall -Wshadow -Wwrite-strings -Wextra -fstack-protector -D_FORTIFY_SOURCE=2 -Wformat -Wformat-security   conftest.c -lpcap  >&5
configure:5848: $? = 0
configure:5866: result: yes
configure:5786: checking for gettimeofday
configure:5842: gcc -o conftest -g -O2 -Wall -Wshadow -Wwrite-strings -Wextra -fstack-protector -D_FORTIFY_SOURCE=2 -Wformat -Wformat-security   conftest.c -lpcap  >&5
configure:5848: $? = 0
configure:5866: result: yes
configure:5786: checking for inet_ntoa
configure:5842: gcc -o conftest -g -O2 -Wall -Wshadow -Wwrite-strings -Wextra -fstack-protector -D_FORTIFY_SOURCE=2 -Wformat -Wformat-security   conftest.c -lpcap  >&5
configure:5848: $? = 0
configure:5866: result: yes
configure:5786: checking for memset
configure:5842: gcc -o conftest -g -O2 -Wall -Wshadow -Wwrite-strings -Wextra -fstack-protector -D_FORTIFY_SOURCE=2 -Wformat -Wformat-security   conftest.c -lpcap  >&5
conftest.c:66: warning: conflicting types for built-in function 'memset'
configure:5848: $? = 0
configure:5866: result: yes
configure:5786: checking for select
configure:5842: gcc -o conftest -g -O2 -Wall -Wshadow -Wwrite-strings -Wextra -fstack-protector -D_FORTIFY_SOURCE=2 -Wformat -Wformat-security   conftest.c -lpcap  >&5
configure:5848: $? = 0
configure:5866: result: yes
configure:5786: checking for socket
configure:5842: gcc -o conftest -g -O2 -Wall -Wshadow -Wwrite-strings -Wextra -fstack-protector -D_FORTIFY_SOURCE=2 -Wformat -Wformat-security   conftest.c -lpcap  >&5
configure:5848: $? = 0
configure:5866: result: yes
configure:5786: checking for strerror
configure:5842: gcc -o conftest -g -O2 -Wall -Wshadow -Wwrite-strings -Wextra -fstack-protector -D_FORTIFY_SOURCE=2 -Wformat -Wformat-security   conftest.c -lpcap  >&5
configure:5848: $? = 0
configure:5866: result: yes
configure:5877: checking for posix regular expression support
configure:5903: gcc -o conftest -g -O2 -Wall -Wshadow -Wwrite-strings -Wextra -fstack-protector -D_FORTIFY_SOURCE=2 -Wformat -Wformat-security   conftest.c -lpcap  >&5
configure:5909: $? = 0
configure:5925: result: yes
configure:6097: Using BPF link layer implementation.
configure:6108: checking for net/if.h
configure:6137: gcc -c -g -O2 -Wall -Wshadow -Wwrite-strings -Wextra -fstack-protector -D_FORTIFY_SOURCE=2 -Wformat -Wformat-security  conftest.c >&5
configure:6143: $? = 0
configure:6159: result: yes
configure:6108: checking for net/bpf.h
configure:6137: gcc -c -g -O2 -Wall -Wshadow -Wwrite-strings -Wextra -fstack-protector -D_FORTIFY_SOURCE=2 -Wformat -Wformat-security  conftest.c >&5
configure:6143: $? = 0
configure:6159: result: yes
configure:6108: checking for sys/param.h
configure:6137: gcc -c -g -O2 -Wall -Wshadow -Wwrite-strings -Wextra -fstack-protector -D_FORTIFY_SOURCE=2 -Wformat -Wformat-security  conftest.c >&5
configure:6143: $? = 0
configure:6159: result: yes
configure:6108: checking for sys/sysctl.h
configure:6137: gcc -c -g -O2 -Wall -Wshadow -Wwrite-strings -Wextra -fstack-protector -D_FORTIFY_SOURCE=2 -Wformat -Wformat-security  conftest.c >&5
configure:6143: $? = 0
configure:6159: result: yes
configure:6108: checking for net/route.h
configure:6137: gcc -c -g -O2 -Wall -Wshadow -Wwrite-strings -Wextra -fstack-protector -D_FORTIFY_SOURCE=2 -Wformat -Wformat-security  conftest.c >&5
configure:6143: $? = 0
configure:6159: result: yes
configure:6108: checking for net/if_dl.h
configure:6137: gcc -c -g -O2 -Wall -Wshadow -Wwrite-strings -Wextra -fstack-protector -D_FORTIFY_SOURCE=2 -Wformat -Wformat-security  conftest.c >&5
configure:6143: $? = 0
configure:6159: result: yes
configure:6273: checking for getopt_long_only
configure:6329: gcc -o conftest -g -O2 -Wall -Wshadow -Wwrite-strings -Wextra -fstack-protector -D_FORTIFY_SOURCE=2 -Wformat -Wformat-security   conftest.c -lpcap  >&5
configure:6335: $? = 0
configure:6352: result: yes
configure:6373: checking for inet_aton
configure:6429: gcc -o conftest -g -O2 -Wall -Wshadow -Wwrite-strings -Wextra -fstack-protector -D_FORTIFY_SOURCE=2 -Wformat -Wformat-security   conftest.c -lpcap  >&5
configure:6435: $? = 0
configure:6452: result: yes
configure:6466: checking for strlcat
configure:6522: gcc -o conftest -g -O2 -Wall -Wshadow -Wwrite-strings -Wextra -fstack-protector -D_FORTIFY_SOURCE=2 -Wformat -Wformat-security   conftest.c -lpcap  >&5
configure:6528: $? = 0
configure:6545: result: yes
configure:6562: checking for strlcpy
configure:6618: gcc -o conftest -g -O2 -Wall -Wshadow -Wwrite-strings -Wextra -fstack-protector -D_FORTIFY_SOURCE=2 -Wformat -Wformat-security   conftest.c -lpcap  >&5
configure:6624: $? = 0
configure:6641: result: yes
configure:6775: creating ./config.status

## ---------------------- ##
## Running config.status. ##
## ---------------------- ##

This file was extended by arp-scan config.status 1.8, which was
generated by GNU Autoconf 2.61.  Invocation command line was

  CONFIG_FILES    = 
  CONFIG_HEADERS  = 
  CONFIG_LINKS    = 
  CONFIG_COMMANDS = 
  $ ./config.status 

on Air.local

config.status:644: creating Makefile
config.status:644: creating config.h
config.status:915: config.h is unchanged
config.status:961: executing depfiles commands

## ---------------- ##
## Cache variables. ##
## ---------------- ##

ac_cv_build=i386-apple-darwin12.2.0
ac_cv_c_compiler_gnu=yes
ac_cv_c_const=yes
ac_cv_env_CC_set=
ac_cv_env_CC_value=
ac_cv_env_CFLAGS_set=
ac_cv_env_CFLAGS_value=
ac_cv_env_CPPFLAGS_set=
ac_cv_env_CPPFLAGS_value=
ac_cv_env_CPP_set=
ac_cv_env_CPP_value=
ac_cv_env_LDFLAGS_set=
ac_cv_env_LDFLAGS_value=
ac_cv_env_LIBS_set=
ac_cv_env_LIBS_value=
ac_cv_env_build_alias_set=
ac_cv_env_build_alias_value=
ac_cv_env_host_alias_set=
ac_cv_env_host_alias_value=
ac_cv_env_target_alias_set=
ac_cv_env_target_alias_value=
ac_cv_func_gethostbyname=yes
ac_cv_func_getopt_long_only=yes
ac_cv_func_gettimeofday=yes
ac_cv_func_inet_aton=yes
ac_cv_func_inet_ntoa=yes
ac_cv_func_malloc=yes
ac_cv_func_memset=yes
ac_cv_func_select=yes
ac_cv_func_socket=yes
ac_cv_func_strerror=yes
ac_cv_func_strlcat=yes
ac_cv_func_strlcpy=yes
ac_cv_header_arpa_inet_h=yes
ac_cv_header_fcntl_h=yes
ac_cv_header_getopt_h=yes
ac_cv_header_inttypes_h=yes
ac_cv_header_memory_h=yes
ac_cv_header_net_bpf_h=yes
ac_cv_header_net_if_dl_h=yes
ac_cv_header_net_if_h=yes
ac_cv_header_net_route_h=yes
ac_cv_header_netdb_h=yes
ac_cv_header_netinet_in_h=yes
ac_cv_header_pcap_h=yes
ac_cv_header_stdc=yes
ac_cv_header_stdint_h=yes
ac_cv_header_stdlib_h=yes
ac_cv_header_string_h=yes
ac_cv_header_strings_h=yes
ac_cv_header_sys_ioctl_h=yes
ac_cv_header_sys_param_h=yes
ac_cv_header_sys_socket_h=yes
ac_cv_header_sys_stat_h=yes
ac_cv_header_sys_sysctl_h=yes
ac_cv_header_sys_time_h=yes
ac_cv_header_sys_types_h=yes
ac_cv_header_time=yes
ac_cv_header_unistd_h=yes
ac_cv_host=i386-apple-darwin12.2.0
ac_cv_nta_have_uint16_t=yes
ac_cv_nta_have_uint32_t=yes
ac_cv_nta_have_uint8_t=yes
ac_cv_objext=o
ac_cv_path_EGREP='/usr/bin/grep -E'
ac_cv_path_GREP=/usr/bin/grep
ac_cv_path_install='/usr/bin/install -c'
ac_cv_prog_AWK=awk
ac_cv_prog_CPP='gcc -E'
ac_cv_prog_ac_ct_CC=gcc
ac_cv_prog_cc_c89=
ac_cv_prog_cc_g=yes
ac_cv_prog_make_make_set=yes
ac_cv_search_gethostbyname='none required'
ac_cv_search_pcap_open_live=-lpcap
ac_cv_search_socket='none required'
ac_cv_type_size_t=yes
am_cv_CC_dependencies_compiler_type=gcc3
pgac_cv_type_long_int_64=yes

## ----------------- ##
## Output variables. ##
## ----------------- ##

ACLOCAL='${SHELL} /Users/gnychis/Downloads/arp-scan-1.8/missing --run aclocal-1.10'
AMDEPBACKSLASH='\'
AMDEP_FALSE='#'
AMDEP_TRUE=''
AMTAR='${SHELL} /Users/gnychis/Downloads/arp-scan-1.8/missing --run tar'
AUTOCONF='${SHELL} /Users/gnychis/Downloads/arp-scan-1.8/missing --run autoconf'
AUTOHEADER='${SHELL} /Users/gnychis/Downloads/arp-scan-1.8/missing --run autoheader'
AUTOMAKE='${SHELL} /Users/gnychis/Downloads/arp-scan-1.8/missing --run automake-1.10'
AWK='awk'
CC='gcc'
CCDEPMODE='depmode=gcc3'
CFLAGS='-g -O2 -Wall -Wshadow -Wwrite-strings -Wextra -fstack-protector -D_FORTIFY_SOURCE=2 -Wformat -Wformat-security'
CPP='gcc -E'
CPPFLAGS=''
CYGPATH_W='echo'
DEFS='-DHAVE_CONFIG_H'
DEPDIR='.deps'
ECHO_C='ECHO_N=''
ECHO_T=''
EGREP='/usr/bin/grep -E'
EXEEXT=''
GREP='/usr/bin/grep'
INSTALL_DATA='${INSTALL} -m 644'
INSTALL_PROGRAM='${INSTALL}'
INSTALL_SCRIPT='${INSTALL}'
INSTALL_STRIP_PROGRAM='$(install_sh) -c -s'
LDFLAGS=''
LIBOBJS=' ${LIBOBJDIR}link-bpf$U.o'
LIBS='-lpcap '
LN_S='ln -s'
LTLIBOBJS=' ${LIBOBJDIR}link-bpf$U.lo'
MAKEINFO='${SHELL} /Users/gnychis/Downloads/arp-scan-1.8/missing --run makeinfo'
OBJEXT='o'
PACKAGE='arp-scan'
PACKAGE_BUGREPORT='arp-scan@nta-monitor.com'
PACKAGE_NAME='arp-scan'
PACKAGE_STRING='arp-scan 1.8'
PACKAGE_TARNAME='arp-scan'
PACKAGE_VERSION='1.8'
PATH_SEPARATOR=':'
SET_MAKE=''
SHELL='/bin/sh'
STRIP=''
VERSION='1.8'
ac_ct_CC='gcc'
am__fastdepCC_FALSE='#'
am__fastdepCC_TRUE=''
am__include='include'
am__isrc=''
am__leading_dot='.'
am__quote=''
am__tar='${AMTAR} chof - "$$tardir"'
am__untar='${AMTAR} xf -'
bindir='${exec_prefix}/bin'
build='i386-apple-darwin12.2.0'
build_alias=''
build_cpu='i386'
build_os='darwin12.2.0'
build_vendor='apple'
datadir='${datarootdir}'
datarootdir='${prefix}/share'
docdir='${datarootdir}/doc/${PACKAGE_TARNAME}'
dvidir='${docdir}'
exec_prefix='${prefix}'
host='i386-apple-darwin12.2.0'
host_alias=''
host_cpu='i386'
host_os='darwin12.2.0'
host_vendor='apple'
htmldir='${docdir}'
includedir='${prefix}/include'
infodir='${datarootdir}/info'
install_sh='$(SHELL) /Users/gnychis/Downloads/arp-scan-1.8/install-sh'
libdir='${exec_prefix}/lib'
libexecdir='${exec_prefix}/libexec'
localedir='${datarootdir}/locale'
localstatedir='${prefix}/var'
mandir='${datarootdir}/man'
mkdir_p='$(top_builddir)/./install-sh -c -d'
oldincludedir='/usr/include'
pdfdir='${docdir}'
prefix='/usr/local'
program_transform_name='s,x,x,'
psdir='${docdir}'
sbindir='${exec_prefix}/sbin'
sharedstatedir='${prefix}/com'
sysconfdir='${prefix}/etc'
target_alias=''

## ----------- ##
## confdefs.h. ##
## ----------- ##

#define PACKAGE_NAME "arp-scan"
#define PACKAGE_TARNAME "arp-scan"
#define PACKAGE_VERSION "1.8"
#define PACKAGE_STRING "arp-scan 1.8"
#define PACKAGE_BUGREPORT "arp-scan@nta-monitor.com"
#define PACKAGE "arp-scan"
#define VERSION "1.8"
#define ATTRIBUTE_UNUSED __attribute__ ((__unused__))
#define ENABLE_SSP_CC 1
#define STDC_HEADERS 1
#define HAVE_SYS_TYPES_H 1
#define HAVE_SYS_STAT_H 1
#define HAVE_STDLIB_H 1
#define HAVE_STRING_H 1
#define HAVE_MEMORY_H 1
#define HAVE_STRINGS_H 1
#define HAVE_INTTYPES_H 1
#define HAVE_STDINT_H 1
#define HAVE_UNISTD_H 1
#define HAVE_ARPA_INET_H 1
#define HAVE_NETDB_H 1
#define HAVE_NETINET_IN_H 1
#define HAVE_SYS_SOCKET_H 1
#define HAVE_SYS_TIME_H 1
#define HAVE_UNISTD_H 1
#define HAVE_GETOPT_H 1
#define HAVE_PCAP_H 1
#define HAVE_SYS_IOCTL_H 1
#define HAVE_SYS_STAT_H 1
#define HAVE_FCNTL_H 1
#define TIME_WITH_SYS_TIME 1
#define HAVE_LONG_INT_64
#define ARP_INT64 long int
#define ARP_UINT64 unsigned long int
#define ARP_INT64_FORMAT "%ld"
#define ARP_UINT64_FORMAT "%lu"
#define HAVE_MALLOC 1
#define HAVE_GETHOSTBYNAME 1
#define HAVE_GETTIMEOFDAY 1
#define HAVE_INET_NTOA 1
#define HAVE_MEMSET 1
#define HAVE_SELECT 1
#define HAVE_SOCKET 1
#define HAVE_STRERROR 1
#define HAVE_REGEX_H 1
#define HAVE_NET_IF_H 1
#define HAVE_NET_BPF_H 1
#define HAVE_SYS_PARAM_H 1
#define HAVE_SYS_SYSCTL_H 1
#define HAVE_NET_ROUTE_H 1
#define HAVE_NET_IF_DL_H 1
#define ARP_PCAP_BPF 1
#define HAVE_STRLCAT 1
#define HAVE_STRLCPY 1

configure: exit 0
